2022-07-01 12:46:30,076  INFO Microsoft.Hosting.Lifetime.LogMessage [0] - MESSAGE: Application started. Press Ctrl+C to shut down.
 2022-07-01 12:46:30,241  INFO Microsoft.Hosting.Lifetime.LogMessage [0] - MESSAGE: Application started. Press Ctrl+C to shut down.
 2022-07-01 12:46:30,245  INFO Microsoft.Hosting.Lifetime.LogMessage [0] - MESSAGE: Hosting environment: Development
 2022-07-01 12:46:30,245  INFO Microsoft.Hosting.Lifetime.LogMessage [0] - MESSAGE: Hosting environment: Development
 2022-07-01 12:46:30,248  INFO Microsoft.Hosting.Lifetime.LogMessage [0] - MESSAGE: Content root path: C:\Users\wwwde\OneDrive\Desktop\Book-My-Doctor-MOP\Authorization-MicroService
 2022-07-01 12:46:30,249  INFO Microsoft.Hosting.Lifetime.LogMessage [0] - MESSAGE: Content root path: C:\Users\wwwde\OneDrive\Desktop\Book-My-Doctor-MOP\Authorization-MicroService
 2022-07-01 12:46:49,601 DEBUG AuthorizationMicroService.Providers.TokenProvider.GetToken [28] - MESSAGE: Validate Login Details Email- sm123@gmail.com and Password- hello
 2022-07-01 12:46:49,629  INFO AuthorizationMicroService.Providers.TokenProvider.GetToken [36] - MESSAGE: login data is correct for Email- sm123@gmail.com and Password- hello
 2022-07-01 12:46:49,681 DEBUG AuthorizationMicroService.Repository.TokenRepository.GetToken [26] - MESSAGE: Token generation initiated for User- Saurabh
 2022-07-01 12:46:49,975  INFO AuthorizationMicroService.Repository.TokenRepository.GetToken [49] - MESSAGE: Token Generated Successfuly
 2022-07-01 12:46:49,976 DEBUG AuthorizationMicroService.Repository.TokenRepository.GetToken [58] - MESSAGE: Returning token with user data containing Id- 1 and Location- Haldwani and Token- eyJhbGciOiJIUzI1NiIsInR5cCI6IkpXVCJ9.eyJ1bmlxdWVfbmFtZSI6IlNhdXJhYmgiLCJlbWFpbCI6InNtMTIzQGdtYWlsLmNvbSIsIm5iZiI6MTY1NjY1OTgwOSwiZXhwIjoxNjU2NjYwNzA5LCJpYXQiOjE2NTY2NTk4MDksImlzcyI6IkludmVudG9yeUF1dGhlbnRpY2F0aW9uU2VydmVyIiwiYXVkIjoiSW52ZW50b3J5U2VydmljZVBvc3RtYW5DbGllbnQifQ.q-yPfIYd-gH6wxOD_M-C6y6iyMUMdspwMYpMMfcYxj8
 2022-07-01 12:51:14,533  INFO Microsoft.Hosting.Lifetime.LogMessage [0] - MESSAGE: Application started. Press Ctrl+C to shut down.
 2022-07-01 12:51:14,624  INFO Microsoft.Hosting.Lifetime.LogMessage [0] - MESSAGE: Application started. Press Ctrl+C to shut down.
 2022-07-01 12:51:14,627  INFO Microsoft.Hosting.Lifetime.LogMessage [0] - MESSAGE: Hosting environment: Development
 2022-07-01 12:51:14,628  INFO Microsoft.Hosting.Lifetime.LogMessage [0] - MESSAGE: Hosting environment: Development
 2022-07-01 12:51:14,630  INFO Microsoft.Hosting.Lifetime.LogMessage [0] - MESSAGE: Content root path: C:\Users\wwwde\OneDrive\Desktop\Book-My-Doctor-MOP\Authorization-MicroService
 2022-07-01 12:51:14,631  INFO Microsoft.Hosting.Lifetime.LogMessage [0] - MESSAGE: Content root path: C:\Users\wwwde\OneDrive\Desktop\Book-My-Doctor-MOP\Authorization-MicroService
 2022-07-01 12:51:39,389 DEBUG AuthorizationMicroService.Providers.TokenProvider.GetToken [28] - MESSAGE: Validate Login Details Email- sm123@gmail.com and Password- hello
 2022-07-01 12:51:39,411  INFO AuthorizationMicroService.Providers.TokenProvider.GetToken [36] - MESSAGE: login data is correct for Email- sm123@gmail.com and Password- hello
 2022-07-01 12:51:39,432 DEBUG AuthorizationMicroService.Repository.TokenRepository.GetToken [26] - MESSAGE: Token generation initiated for User- Saurabh
 2022-07-01 12:51:39,638  INFO AuthorizationMicroService.Repository.TokenRepository.GetToken [49] - MESSAGE: Token Generated Successfuly
 2022-07-01 12:51:39,639 DEBUG AuthorizationMicroService.Repository.TokenRepository.GetToken [58] - MESSAGE: Returning token with user data containing Id- 1 and Location- Haldwani and Token- eyJhbGciOiJIUzI1NiIsInR5cCI6IkpXVCJ9.eyJ1bmlxdWVfbmFtZSI6IlNhdXJhYmgiLCJlbWFpbCI6InNtMTIzQGdtYWlsLmNvbSIsIm5iZiI6MTY1NjY2MDA5OSwiZXhwIjoxNjU2NjYwOTk5LCJpYXQiOjE2NTY2NjAwOTksImlzcyI6IkludmVudG9yeUF1dGhlbnRpY2F0aW9uU2VydmVyIiwiYXVkIjoiSW52ZW50b3J5U2VydmljZVBvc3RtYW5DbGllbnQifQ.Ir2sYR1DUlDdxpoQFJNj19MnTESyMX8doK9jJLtsW-0
 2022-07-01 12:52:50,343  INFO Microsoft.Hosting.Lifetime.LogMessage [0] - MESSAGE: Application started. Press Ctrl+C to shut down.
 2022-07-01 12:52:50,451  INFO Microsoft.Hosting.Lifetime.LogMessage [0] - MESSAGE: Application started. Press Ctrl+C to shut down.
 2022-07-01 12:52:50,454  INFO Microsoft.Hosting.Lifetime.LogMessage [0] - MESSAGE: Hosting environment: Development
 2022-07-01 12:52:50,455  INFO Microsoft.Hosting.Lifetime.LogMessage [0] - MESSAGE: Hosting environment: Development
 2022-07-01 12:52:50,457  INFO Microsoft.Hosting.Lifetime.LogMessage [0] - MESSAGE: Content root path: C:\Users\wwwde\OneDrive\Desktop\Book-My-Doctor-MOP\Authorization-MicroService
 2022-07-01 12:52:50,458  INFO Microsoft.Hosting.Lifetime.LogMessage [0] - MESSAGE: Content root path: C:\Users\wwwde\OneDrive\Desktop\Book-My-Doctor-MOP\Authorization-MicroService
 2022-07-01 12:53:39,568 DEBUG AuthorizationMicroService.Providers.TokenProvider.GetToken [28] - MESSAGE: Validate Login Details Email- bt123@gmail.com and Password- hello
 2022-07-01 12:53:39,580  INFO AuthorizationMicroService.Providers.TokenProvider.GetToken [36] - MESSAGE: login data is correct for Email- bt123@gmail.com and Password- hello
 2022-07-01 12:53:39,603 DEBUG AuthorizationMicroService.Repository.TokenRepository.GetToken [26] - MESSAGE: Token generation initiated for User- Ben
 2022-07-01 12:53:39,814  INFO AuthorizationMicroService.Repository.TokenRepository.GetToken [49] - MESSAGE: Token Generated Successfuly
 2022-07-01 12:53:39,816 DEBUG AuthorizationMicroService.Repository.TokenRepository.GetToken [58] - MESSAGE: Returning token with user data containing Id- 2 and Location- Haldwani and Token- eyJhbGciOiJIUzI1NiIsInR5cCI6IkpXVCJ9.eyJ1bmlxdWVfbmFtZSI6IkJlbiIsImVtYWlsIjoiYnQxMjNAZ21haWwuY29tIiwibmJmIjoxNjU2NjYwMjE5LCJleHAiOjE2NTY2NjExMTksImlhdCI6MTY1NjY2MDIxOSwiaXNzIjoiSW52ZW50b3J5QXV0aGVudGljYXRpb25TZXJ2ZXIiLCJhdWQiOiJJbnZlbnRvcnlTZXJ2aWNlUG9zdG1hbkNsaWVudCJ9.WELnbEg381_L-I10w5y_56UF-lto__mcZ11A2DQJSgk
 2022-07-01 15:08:16,332  INFO Microsoft.Hosting.Lifetime.LogMessage [0] - MESSAGE: Application started. Press Ctrl+C to shut down.
 2022-07-01 15:08:16,587  INFO Microsoft.Hosting.Lifetime.LogMessage [0] - MESSAGE: Application started. Press Ctrl+C to shut down.
 2022-07-01 15:08:16,592  INFO Microsoft.Hosting.Lifetime.LogMessage [0] - MESSAGE: Hosting environment: Development
 2022-07-01 15:08:16,593  INFO Microsoft.Hosting.Lifetime.LogMessage [0] - MESSAGE: Hosting environment: Development
 2022-07-01 15:08:16,598  INFO Microsoft.Hosting.Lifetime.LogMessage [0] - MESSAGE: Content root path: C:\Users\wwwde\OneDrive\Desktop\Book-My-Doctor-MOP\Authorization-MicroService
 2022-07-01 15:08:16,599  INFO Microsoft.Hosting.Lifetime.LogMessage [0] - MESSAGE: Content root path: C:\Users\wwwde\OneDrive\Desktop\Book-My-Doctor-MOP\Authorization-MicroService
 2022-07-01 15:08:26,477 DEBUG AuthorizationMicroService.Providers.TokenProvider.GetToken [28] - MESSAGE: Validate Login Details Email- bt123@gmail.com and Password- hello
 2022-07-01 15:08:26,499  INFO AuthorizationMicroService.Providers.TokenProvider.GetToken [36] - MESSAGE: login data is correct for Email- bt123@gmail.com and Password- hello
 2022-07-01 15:08:26,540 DEBUG AuthorizationMicroService.Repository.TokenRepository.GetToken [26] - MESSAGE: Token generation initiated for User- Ben
 2022-07-01 15:08:26,873  INFO AuthorizationMicroService.Repository.TokenRepository.GetToken [49] - MESSAGE: Token Generated Successfuly
 2022-07-01 15:08:26,874 DEBUG AuthorizationMicroService.Repository.TokenRepository.GetToken [58] - MESSAGE: Returning token with user data containing Id- 2 and Location- Haldwani and Token- eyJhbGciOiJIUzI1NiIsInR5cCI6IkpXVCJ9.eyJ1bmlxdWVfbmFtZSI6IkJlbiIsImVtYWlsIjoiYnQxMjNAZ21haWwuY29tIiwibmJmIjoxNjU2NjY4MzA2LCJleHAiOjE2NTY2NjkyMDYsImlhdCI6MTY1NjY2ODMwNiwiaXNzIjoiSW52ZW50b3J5QXV0aGVudGljYXRpb25TZXJ2ZXIiLCJhdWQiOiJJbnZlbnRvcnlTZXJ2aWNlUG9zdG1hbkNsaWVudCJ9.-f4VpMJKScaOXDZpoQScMdmsQwCMR3LddM5gTNs0zhA
 2022-07-03 12:38:18,659  INFO Microsoft.Hosting.Lifetime.LogMessage [0] - MESSAGE: Application started. Press Ctrl+C to shut down.
 2022-07-03 12:38:18,829  INFO Microsoft.Hosting.Lifetime.LogMessage [0] - MESSAGE: Application started. Press Ctrl+C to shut down.
 2022-07-03 12:38:18,833  INFO Microsoft.Hosting.Lifetime.LogMessage [0] - MESSAGE: Hosting environment: Development
 2022-07-03 12:38:18,833  INFO Microsoft.Hosting.Lifetime.LogMessage [0] - MESSAGE: Hosting environment: Development
 2022-07-03 12:38:18,836  INFO Microsoft.Hosting.Lifetime.LogMessage [0] - MESSAGE: Content root path: C:\Users\wwwde\OneDrive\Desktop\Book-My-Doctor-MOP\Authorization-MicroService
 2022-07-03 12:38:18,836  INFO Microsoft.Hosting.Lifetime.LogMessage [0] - MESSAGE: Content root path: C:\Users\wwwde\OneDrive\Desktop\Book-My-Doctor-MOP\Authorization-MicroService
 2022-07-03 12:56:02,958  INFO Microsoft.Hosting.Lifetime.LogMessage [0] - MESSAGE: Application started. Press Ctrl+C to shut down.
 2022-07-03 12:56:03,088  INFO Microsoft.Hosting.Lifetime.LogMessage [0] - MESSAGE: Application started. Press Ctrl+C to shut down.
 2022-07-03 12:56:03,096  INFO Microsoft.Hosting.Lifetime.LogMessage [0] - MESSAGE: Hosting environment: Development
 2022-07-03 12:56:03,096  INFO Microsoft.Hosting.Lifetime.LogMessage [0] - MESSAGE: Hosting environment: Development
 2022-07-03 12:56:03,100  INFO Microsoft.Hosting.Lifetime.LogMessage [0] - MESSAGE: Content root path: C:\Users\wwwde\OneDrive\Desktop\Book-My-Doctor-MOP\Authorization-MicroService
 2022-07-03 12:56:03,101  INFO Microsoft.Hosting.Lifetime.LogMessage [0] - MESSAGE: Content root path: C:\Users\wwwde\OneDrive\Desktop\Book-My-Doctor-MOP\Authorization-MicroService
 2022-07-03 13:43:04,253  INFO Microsoft.Hosting.Lifetime.LogMessage [0] - MESSAGE: Application started. Press Ctrl+C to shut down.
 2022-07-03 13:43:04,540  INFO Microsoft.Hosting.Lifetime.LogMessage [0] - MESSAGE: Application started. Press Ctrl+C to shut down.
 2022-07-03 13:43:04,550  INFO Microsoft.Hosting.Lifetime.LogMessage [0] - MESSAGE: Hosting environment: Development
 2022-07-03 13:43:04,551  INFO Microsoft.Hosting.Lifetime.LogMessage [0] - MESSAGE: Hosting environment: Development
 2022-07-03 13:43:04,572  INFO Microsoft.Hosting.Lifetime.LogMessage [0] - MESSAGE: Content root path: C:\Users\wwwde\OneDrive\Desktop\Book-My-Doctor-MOP\Authorization-MicroService
 2022-07-03 13:43:04,581  INFO Microsoft.Hosting.Lifetime.LogMessage [0] - MESSAGE: Content root path: C:\Users\wwwde\OneDrive\Desktop\Book-My-Doctor-MOP\Authorization-MicroService
 2022-07-03 14:28:36,902  INFO Microsoft.Hosting.Lifetime.LogMessage [0] - MESSAGE: Application started. Press Ctrl+C to shut down.
 2022-07-03 14:28:37,008  INFO Microsoft.Hosting.Lifetime.LogMessage [0] - MESSAGE: Application started. Press Ctrl+C to shut down.
 2022-07-03 14:28:37,013  INFO Microsoft.Hosting.Lifetime.LogMessage [0] - MESSAGE: Hosting environment: Development
 2022-07-03 14:28:37,014  INFO Microsoft.Hosting.Lifetime.LogMessage [0] - MESSAGE: Hosting environment: Development
 2022-07-03 14:28:37,019  INFO Microsoft.Hosting.Lifetime.LogMessage [0] - MESSAGE: Content root path: C:\Users\wwwde\OneDrive\Desktop\Book-My-Doctor-MOP\Authorization-MicroService
 2022-07-03 14:28:37,019  INFO Microsoft.Hosting.Lifetime.LogMessage [0] - MESSAGE: Content root path: C:\Users\wwwde\OneDrive\Desktop\Book-My-Doctor-MOP\Authorization-MicroService
 2022-07-03 14:37:53,126 ERROR Microsoft.AspNetCore.Diagnostics.DeveloperExceptionPageMiddleware.LogMessage [0] - MESSAGE: An unhandled exception has occurred while executing the request.
 System.InvalidOperationException: Endpoint AuthorizationMicroService.Controllers.TokenController.Post (AuthorizationMicroService) contains CORS metadata, but a middleware was not found that supports CORS.
Configure your application startup by adding app.UseCors() inside the call to Configure(..) in the application startup code. The call to app.UseAuthorization() must appear between app.UseRouting() and app.UseEndpoints(...).
   at Microsoft.AspNetCore.Routing.EndpointMiddleware.ThrowMissingCorsMiddlewareException(Endpoint endpoint)
   at Microsoft.AspNetCore.Routing.EndpointMiddleware.Invoke(HttpContext httpContext)
   at Microsoft.AspNetCore.Authorization.AuthorizationMiddleware.Invoke(HttpContext context)
   at Microsoft.AspNetCore.Authentication.AuthenticationMiddleware.Invoke(HttpContext context)
   at Swashbuckle.AspNetCore.SwaggerUI.SwaggerUIMiddleware.Invoke(HttpContext httpContext)
   at Swashbuckle.AspNetCore.Swagger.SwaggerMiddleware.Invoke(HttpContext httpContext, ISwaggerProvider swaggerProvider)
   at Microsoft.AspNetCore.Diagnostics.DeveloperExceptionPageMiddleware.Invoke(HttpContext context)
2022-07-03 14:37:53,142 ERROR Microsoft.AspNetCore.Diagnostics.DeveloperExceptionPageMiddleware.LogMessage [0] - MESSAGE: An unhandled exception has occurred while executing the request.
 System.InvalidOperationException: Endpoint AuthorizationMicroService.Controllers.TokenController.Post (AuthorizationMicroService) contains CORS metadata, but a middleware was not found that supports CORS.
Configure your application startup by adding app.UseCors() inside the call to Configure(..) in the application startup code. The call to app.UseAuthorization() must appear between app.UseRouting() and app.UseEndpoints(...).
   at Microsoft.AspNetCore.Routing.EndpointMiddleware.ThrowMissingCorsMiddlewareException(Endpoint endpoint)
   at Microsoft.AspNetCore.Routing.EndpointMiddleware.Invoke(HttpContext httpContext)
   at Microsoft.AspNetCore.Authorization.AuthorizationMiddleware.Invoke(HttpContext context)
   at Microsoft.AspNetCore.Authentication.AuthenticationMiddleware.Invoke(HttpContext context)
   at Swashbuckle.AspNetCore.SwaggerUI.SwaggerUIMiddleware.Invoke(HttpContext httpContext)
   at Swashbuckle.AspNetCore.Swagger.SwaggerMiddleware.Invoke(HttpContext httpContext, ISwaggerProvider swaggerProvider)
   at Microsoft.AspNetCore.Diagnostics.DeveloperExceptionPageMiddleware.Invoke(HttpContext context)
2022-07-03 14:39:51,482 ERROR Microsoft.AspNetCore.Diagnostics.DeveloperExceptionPageMiddleware.LogMessage [0] - MESSAGE: An unhandled exception has occurred while executing the request.
 System.InvalidOperationException: Endpoint AuthorizationMicroService.Controllers.TokenController.Post (AuthorizationMicroService) contains CORS metadata, but a middleware was not found that supports CORS.
Configure your application startup by adding app.UseCors() inside the call to Configure(..) in the application startup code. The call to app.UseAuthorization() must appear between app.UseRouting() and app.UseEndpoints(...).
   at Microsoft.AspNetCore.Routing.EndpointMiddleware.ThrowMissingCorsMiddlewareException(Endpoint endpoint)
   at Microsoft.AspNetCore.Routing.EndpointMiddleware.Invoke(HttpContext httpContext)
   at Microsoft.AspNetCore.Authorization.AuthorizationMiddleware.Invoke(HttpContext context)
   at Microsoft.AspNetCore.Authentication.AuthenticationMiddleware.Invoke(HttpContext context)
   at Swashbuckle.AspNetCore.SwaggerUI.SwaggerUIMiddleware.Invoke(HttpContext httpContext)
   at Swashbuckle.AspNetCore.Swagger.SwaggerMiddleware.Invoke(HttpContext httpContext, ISwaggerProvider swaggerProvider)
   at Microsoft.AspNetCore.Diagnostics.DeveloperExceptionPageMiddleware.Invoke(HttpContext context)
2022-07-03 14:39:51,484 ERROR Microsoft.AspNetCore.Diagnostics.DeveloperExceptionPageMiddleware.LogMessage [0] - MESSAGE: An unhandled exception has occurred while executing the request.
 System.InvalidOperationException: Endpoint AuthorizationMicroService.Controllers.TokenController.Post (AuthorizationMicroService) contains CORS metadata, but a middleware was not found that supports CORS.
Configure your application startup by adding app.UseCors() inside the call to Configure(..) in the application startup code. The call to app.UseAuthorization() must appear between app.UseRouting() and app.UseEndpoints(...).
   at Microsoft.AspNetCore.Routing.EndpointMiddleware.ThrowMissingCorsMiddlewareException(Endpoint endpoint)
   at Microsoft.AspNetCore.Routing.EndpointMiddleware.Invoke(HttpContext httpContext)
   at Microsoft.AspNetCore.Authorization.AuthorizationMiddleware.Invoke(HttpContext context)
   at Microsoft.AspNetCore.Authentication.AuthenticationMiddleware.Invoke(HttpContext context)
   at Swashbuckle.AspNetCore.SwaggerUI.SwaggerUIMiddleware.Invoke(HttpContext httpContext)
   at Swashbuckle.AspNetCore.Swagger.SwaggerMiddleware.Invoke(HttpContext httpContext, ISwaggerProvider swaggerProvider)
   at Microsoft.AspNetCore.Diagnostics.DeveloperExceptionPageMiddleware.Invoke(HttpContext context)
2022-07-03 14:40:21,037  INFO Microsoft.Hosting.Lifetime.LogMessage [0] - MESSAGE: Application started. Press Ctrl+C to shut down.
 2022-07-03 14:40:21,188  INFO Microsoft.Hosting.Lifetime.LogMessage [0] - MESSAGE: Application started. Press Ctrl+C to shut down.
 2022-07-03 14:40:21,192  INFO Microsoft.Hosting.Lifetime.LogMessage [0] - MESSAGE: Hosting environment: Development
 2022-07-03 14:40:21,192  INFO Microsoft.Hosting.Lifetime.LogMessage [0] - MESSAGE: Hosting environment: Development
 2022-07-03 14:40:21,197  INFO Microsoft.Hosting.Lifetime.LogMessage [0] - MESSAGE: Content root path: C:\Users\wwwde\OneDrive\Desktop\Book-My-Doctor-MOP\Authorization-MicroService
 2022-07-03 14:40:21,197  INFO Microsoft.Hosting.Lifetime.LogMessage [0] - MESSAGE: Content root path: C:\Users\wwwde\OneDrive\Desktop\Book-My-Doctor-MOP\Authorization-MicroService
 2022-07-03 14:40:37,397 DEBUG AuthorizationMicroService.Providers.TokenProvider.GetToken [28] - MESSAGE: Validate Login Details Email- sm123@gmail.com and Password- hello
 2022-07-03 14:40:37,419  INFO AuthorizationMicroService.Providers.TokenProvider.GetToken [36] - MESSAGE: login data is correct for Email- sm123@gmail.com and Password- hello
 2022-07-03 14:40:37,474 DEBUG AuthorizationMicroService.Repository.TokenRepository.GetToken [26] - MESSAGE: Token generation initiated for User- Saurabh
 2022-07-03 14:40:37,831  INFO AuthorizationMicroService.Repository.TokenRepository.GetToken [49] - MESSAGE: Token Generated Successfuly
 2022-07-03 14:40:37,832 DEBUG AuthorizationMicroService.Repository.TokenRepository.GetToken [58] - MESSAGE: Returning token with user data containing Id- 1 and Location- Haldwani and Token- eyJhbGciOiJIUzI1NiIsInR5cCI6IkpXVCJ9.eyJ1bmlxdWVfbmFtZSI6IlNhdXJhYmgiLCJlbWFpbCI6InNtMTIzQGdtYWlsLmNvbSIsIm5iZiI6MTY1NjgzOTQzNywiZXhwIjoxNjU2ODQwMzM3LCJpYXQiOjE2NTY4Mzk0MzcsImlzcyI6IkludmVudG9yeUF1dGhlbnRpY2F0aW9uU2VydmVyIiwiYXVkIjoiSW52ZW50b3J5U2VydmljZVBvc3RtYW5DbGllbnQifQ.76fSbtcTDXvNZ-RKoaLW2KnSFBw5SG4ehtlbfhATbbY
 2022-07-04 17:20:08,670  INFO Microsoft.Hosting.Lifetime.LogMessage [0] - MESSAGE: Application started. Press Ctrl+C to shut down.
 2022-07-04 17:20:09,091  INFO Microsoft.Hosting.Lifetime.LogMessage [0] - MESSAGE: Application started. Press Ctrl+C to shut down.
 2022-07-04 17:20:09,095  INFO Microsoft.Hosting.Lifetime.LogMessage [0] - MESSAGE: Hosting environment: Development
 2022-07-04 17:20:09,096  INFO Microsoft.Hosting.Lifetime.LogMessage [0] - MESSAGE: Hosting environment: Development
 2022-07-04 17:20:09,099  INFO Microsoft.Hosting.Lifetime.LogMessage [0] - MESSAGE: Content root path: C:\Users\wwwde\OneDrive\Desktop\Book-My-Doctor-MOP\Authorization-MicroService
 2022-07-04 17:20:09,099  INFO Microsoft.Hosting.Lifetime.LogMessage [0] - MESSAGE: Content root path: C:\Users\wwwde\OneDrive\Desktop\Book-My-Doctor-MOP\Authorization-MicroService
 2022-07-04 17:28:28,096  INFO Microsoft.Hosting.Lifetime.LogMessage [0] - MESSAGE: Application started. Press Ctrl+C to shut down.
 2022-07-04 17:28:28,216  INFO Microsoft.Hosting.Lifetime.LogMessage [0] - MESSAGE: Application started. Press Ctrl+C to shut down.
 2022-07-04 17:28:28,220  INFO Microsoft.Hosting.Lifetime.LogMessage [0] - MESSAGE: Hosting environment: Development
 2022-07-04 17:28:28,220  INFO Microsoft.Hosting.Lifetime.LogMessage [0] - MESSAGE: Hosting environment: Development
 2022-07-04 17:28:28,223  INFO Microsoft.Hosting.Lifetime.LogMessage [0] - MESSAGE: Content root path: C:\Users\wwwde\OneDrive\Desktop\Book-My-Doctor-MOP\Authorization-MicroService
 2022-07-04 17:28:28,224  INFO Microsoft.Hosting.Lifetime.LogMessage [0] - MESSAGE: Content root path: C:\Users\wwwde\OneDrive\Desktop\Book-My-Doctor-MOP\Authorization-MicroService
 2022-07-04 17:48:26,850  INFO Microsoft.Hosting.Lifetime.LogMessage [0] - MESSAGE: Application started. Press Ctrl+C to shut down.
 2022-07-04 17:48:26,974  INFO Microsoft.Hosting.Lifetime.LogMessage [0] - MESSAGE: Application started. Press Ctrl+C to shut down.
 2022-07-04 17:48:26,979  INFO Microsoft.Hosting.Lifetime.LogMessage [0] - MESSAGE: Hosting environment: Development
 2022-07-04 17:48:26,980  INFO Microsoft.Hosting.Lifetime.LogMessage [0] - MESSAGE: Hosting environment: Development
 2022-07-04 17:48:26,983  INFO Microsoft.Hosting.Lifetime.LogMessage [0] - MESSAGE: Content root path: C:\Users\wwwde\OneDrive\Desktop\Book-My-Doctor-MOP\Authorization-MicroService
 2022-07-04 17:48:26,983  INFO Microsoft.Hosting.Lifetime.LogMessage [0] - MESSAGE: Content root path: C:\Users\wwwde\OneDrive\Desktop\Book-My-Doctor-MOP\Authorization-MicroService
 2022-07-04 18:05:37,286  INFO Microsoft.Hosting.Lifetime.LogMessage [0] - MESSAGE: Application started. Press Ctrl+C to shut down.
 2022-07-04 18:05:37,443  INFO Microsoft.Hosting.Lifetime.LogMessage [0] - MESSAGE: Application started. Press Ctrl+C to shut down.
 2022-07-04 18:05:37,447  INFO Microsoft.Hosting.Lifetime.LogMessage [0] - MESSAGE: Hosting environment: Development
 2022-07-04 18:05:37,447  INFO Microsoft.Hosting.Lifetime.LogMessage [0] - MESSAGE: Hosting environment: Development
 2022-07-04 18:05:37,451  INFO Microsoft.Hosting.Lifetime.LogMessage [0] - MESSAGE: Content root path: C:\Users\wwwde\OneDrive\Desktop\Book-My-Doctor-MOP\Authorization-MicroService
 2022-07-04 18:05:37,451  INFO Microsoft.Hosting.Lifetime.LogMessage [0] - MESSAGE: Content root path: C:\Users\wwwde\OneDrive\Desktop\Book-My-Doctor-MOP\Authorization-MicroService
 2022-07-04 18:05:59,848  WARN AuthorizationMicroService.Controllers.TokenController.Post [36] - MESSAGE: Bad request !!!  user data is null
 2022-07-04 18:16:40,893  WARN AuthorizationMicroService.Controllers.TokenController.Post [36] - MESSAGE: Bad request !!!  user data is null
 2022-07-04 18:27:26,293 DEBUG AuthorizationMicroService.Providers.TokenProvider.GetToken [28] - MESSAGE: Validate Login Details Email- sm123@gmail.com and Password- hello
 2022-07-04 18:27:26,313  INFO AuthorizationMicroService.Providers.TokenProvider.GetToken [36] - MESSAGE: login data is correct for Email- sm123@gmail.com and Password- hello
 2022-07-04 18:27:26,526 DEBUG AuthorizationMicroService.Repository.TokenRepository.GetToken [26] - MESSAGE: Token generation initiated for User- Saurabh
 2022-07-04 18:27:27,270  INFO AuthorizationMicroService.Repository.TokenRepository.GetToken [49] - MESSAGE: Token Generated Successfuly
 2022-07-04 18:27:27,271 DEBUG AuthorizationMicroService.Repository.TokenRepository.GetToken [58] - MESSAGE: Returning token with user data containing Id- 1 and Location- Haldwani and Token- eyJhbGciOiJIUzI1NiIsInR5cCI6IkpXVCJ9.eyJ1bmlxdWVfbmFtZSI6IlNhdXJhYmgiLCJlbWFpbCI6InNtMTIzQGdtYWlsLmNvbSIsIm5iZiI6MTY1NjkzOTQ0NiwiZXhwIjoxNjU2OTQwMzQ2LCJpYXQiOjE2NTY5Mzk0NDYsImlzcyI6IkludmVudG9yeUF1dGhlbnRpY2F0aW9uU2VydmVyIiwiYXVkIjoiSW52ZW50b3J5U2VydmljZVBvc3RtYW5DbGllbnQifQ.ed0RoSL7jFQosK7t7KJCNsVpGUX8CZr3RjqpKimHfhM
 2022-07-04 18:30:16,047 DEBUG AuthorizationMicroService.Providers.TokenProvider.GetToken [28] - MESSAGE: Validate Login Details Email- sm123@gmail.com and Password- hello
 2022-07-04 18:30:16,057  INFO AuthorizationMicroService.Providers.TokenProvider.GetToken [36] - MESSAGE: login data is correct for Email- sm123@gmail.com and Password- hello
 2022-07-04 18:30:16,061 DEBUG AuthorizationMicroService.Repository.TokenRepository.GetToken [26] - MESSAGE: Token generation initiated for User- Saurabh
 2022-07-04 18:30:16,070  INFO AuthorizationMicroService.Repository.TokenRepository.GetToken [49] - MESSAGE: Token Generated Successfuly
 2022-07-04 18:30:16,072 DEBUG AuthorizationMicroService.Repository.TokenRepository.GetToken [58] - MESSAGE: Returning token with user data containing Id- 1 and Location- Haldwani and Token- eyJhbGciOiJIUzI1NiIsInR5cCI6IkpXVCJ9.eyJ1bmlxdWVfbmFtZSI6IlNhdXJhYmgiLCJlbWFpbCI6InNtMTIzQGdtYWlsLmNvbSIsIm5iZiI6MTY1NjkzOTYxNiwiZXhwIjoxNjU2OTQwNTE2LCJpYXQiOjE2NTY5Mzk2MTYsImlzcyI6IkludmVudG9yeUF1dGhlbnRpY2F0aW9uU2VydmVyIiwiYXVkIjoiSW52ZW50b3J5U2VydmljZVBvc3RtYW5DbGllbnQifQ.1axQ8esotp4si8pUbhxxMgYkrInP0P7XAMVVZ8Equ-M
 2022-07-04 21:19:41,881  INFO Microsoft.Hosting.Lifetime.LogMessage [0] - MESSAGE: Application started. Press Ctrl+C to shut down.
 2022-07-04 21:19:42,212  INFO Microsoft.Hosting.Lifetime.LogMessage [0] - MESSAGE: Application started. Press Ctrl+C to shut down.
 2022-07-04 21:19:42,218  INFO Microsoft.Hosting.Lifetime.LogMessage [0] - MESSAGE: Hosting environment: Development
 2022-07-04 21:19:42,218  INFO Microsoft.Hosting.Lifetime.LogMessage [0] - MESSAGE: Hosting environment: Development
 2022-07-04 21:19:42,224  INFO Microsoft.Hosting.Lifetime.LogMessage [0] - MESSAGE: Content root path: C:\Users\wwwde\OneDrive\Desktop\Book-My-Doctor-MOP\Authorization-MicroService
 2022-07-04 21:19:42,224  INFO Microsoft.Hosting.Lifetime.LogMessage [0] - MESSAGE: Content root path: C:\Users\wwwde\OneDrive\Desktop\Book-My-Doctor-MOP\Authorization-MicroService
 2022-07-04 21:28:52,651  INFO Microsoft.Hosting.Lifetime.LogMessage [0] - MESSAGE: Application started. Press Ctrl+C to shut down.
 2022-07-04 21:28:52,842  INFO Microsoft.Hosting.Lifetime.LogMessage [0] - MESSAGE: Application started. Press Ctrl+C to shut down.
 2022-07-04 21:28:52,845  INFO Microsoft.Hosting.Lifetime.LogMessage [0] - MESSAGE: Hosting environment: Development
 2022-07-04 21:28:52,845  INFO Microsoft.Hosting.Lifetime.LogMessage [0] - MESSAGE: Hosting environment: Development
 2022-07-04 21:28:52,848  INFO Microsoft.Hosting.Lifetime.LogMessage [0] - MESSAGE: Content root path: C:\Users\wwwde\OneDrive\Desktop\Book-My-Doctor-MOP\Authorization-MicroService
 2022-07-04 21:28:52,848  INFO Microsoft.Hosting.Lifetime.LogMessage [0] - MESSAGE: Content root path: C:\Users\wwwde\OneDrive\Desktop\Book-My-Doctor-MOP\Authorization-MicroService
 2022-07-04 21:29:24,334 DEBUG AuthorizationMicroService.Providers.TokenProvider.GetToken [28] - MESSAGE: Validate Login Details Email- sm123@gmail.com and Password- hello
 2022-07-04 21:29:24,359  INFO AuthorizationMicroService.Providers.TokenProvider.GetToken [36] - MESSAGE: login data is correct for Email- sm123@gmail.com and Password- hello
 2022-07-04 21:29:24,386 DEBUG AuthorizationMicroService.Repository.TokenRepository.GetToken [26] - MESSAGE: Token generation initiated for User- Saurabh
 2022-07-04 21:29:24,640  INFO AuthorizationMicroService.Repository.TokenRepository.GetToken [49] - MESSAGE: Token Generated Successfuly
 2022-07-04 21:29:24,642 DEBUG AuthorizationMicroService.Repository.TokenRepository.GetToken [58] - MESSAGE: Returning token with user data containing Id- 1 and Location- Haldwani and Token- eyJhbGciOiJIUzI1NiIsInR5cCI6IkpXVCJ9.eyJ1bmlxdWVfbmFtZSI6IlNhdXJhYmgiLCJlbWFpbCI6InNtMTIzQGdtYWlsLmNvbSIsIm5iZiI6MTY1Njk1MDM2NCwiZXhwIjoxNjU2OTUxMjY0LCJpYXQiOjE2NTY5NTAzNjQsImlzcyI6IkludmVudG9yeUF1dGhlbnRpY2F0aW9uU2VydmVyIiwiYXVkIjoiSW52ZW50b3J5U2VydmljZVBvc3RtYW5DbGllbnQifQ.PllX5SiHzsmHso7rnzBqk-cuQz4itP-KtZABDDm3a_Y
 2022-07-04 22:45:05,758 DEBUG AuthorizationMicroService.Providers.TokenProvider.GetToken [28] - MESSAGE: Validate Login Details Email- sm123@gmail.com and Password- hello
 2022-07-04 22:45:05,777  INFO AuthorizationMicroService.Providers.TokenProvider.GetToken [36] - MESSAGE: login data is correct for Email- sm123@gmail.com and Password- hello
 2022-07-04 22:45:05,778 DEBUG AuthorizationMicroService.Repository.TokenRepository.GetToken [26] - MESSAGE: Token generation initiated for User- Saurabh
 2022-07-04 22:45:05,789  INFO AuthorizationMicroService.Repository.TokenRepository.GetToken [49] - MESSAGE: Token Generated Successfuly
 2022-07-04 22:45:05,790 DEBUG AuthorizationMicroService.Repository.TokenRepository.GetToken [58] - MESSAGE: Returning token with user data containing Id- 1 and Location- Haldwani and Token- eyJhbGciOiJIUzI1NiIsInR5cCI6IkpXVCJ9.eyJ1bmlxdWVfbmFtZSI6IlNhdXJhYmgiLCJlbWFpbCI6InNtMTIzQGdtYWlsLmNvbSIsIm5iZiI6MTY1Njk1NDkwNSwiZXhwIjoxNjU2OTU1ODA1LCJpYXQiOjE2NTY5NTQ5MDUsImlzcyI6IkludmVudG9yeUF1dGhlbnRpY2F0aW9uU2VydmVyIiwiYXVkIjoiSW52ZW50b3J5U2VydmljZVBvc3RtYW5DbGllbnQifQ.OJ1HH79EojrFHsa2dX6YSArDE13GtHf8t7CwW4DqB9w
 2022-07-04 23:31:26,424 DEBUG AuthorizationMicroService.Providers.TokenProvider.GetToken [28] - MESSAGE: Validate Login Details Email- sm123@gmail.com and Password- hello
 2022-07-04 23:31:26,431  INFO AuthorizationMicroService.Providers.TokenProvider.GetToken [36] - MESSAGE: login data is correct for Email- sm123@gmail.com and Password- hello
 2022-07-04 23:31:26,432 DEBUG AuthorizationMicroService.Repository.TokenRepository.GetToken [26] - MESSAGE: Token generation initiated for User- Saurabh
 2022-07-04 23:31:26,436  INFO AuthorizationMicroService.Repository.TokenRepository.GetToken [49] - MESSAGE: Token Generated Successfuly
 2022-07-04 23:31:26,437 DEBUG AuthorizationMicroService.Repository.TokenRepository.GetToken [58] - MESSAGE: Returning token with user data containing Id- 1 and Location- Haldwani and Token- eyJhbGciOiJIUzI1NiIsInR5cCI6IkpXVCJ9.eyJ1bmlxdWVfbmFtZSI6IlNhdXJhYmgiLCJlbWFpbCI6InNtMTIzQGdtYWlsLmNvbSIsIm5iZiI6MTY1Njk1NzY4NiwiZXhwIjoxNjU2OTU4NTg2LCJpYXQiOjE2NTY5NTc2ODYsImlzcyI6IkludmVudG9yeUF1dGhlbnRpY2F0aW9uU2VydmVyIiwiYXVkIjoiSW52ZW50b3J5U2VydmljZVBvc3RtYW5DbGllbnQifQ.JR3c1nplkVp7YUM5PD5VpSEH1yFSJiOjwIP7Glgm0n8
 2022-07-04 23:33:22,474 DEBUG AuthorizationMicroService.Providers.TokenProvider.GetToken [28] - MESSAGE: Validate Login Details Email- sm123@gmail.com and Password- hello
 2022-07-04 23:33:22,476  INFO AuthorizationMicroService.Providers.TokenProvider.GetToken [36] - MESSAGE: login data is correct for Email- sm123@gmail.com and Password- hello
 2022-07-04 23:33:22,476 DEBUG AuthorizationMicroService.Repository.TokenRepository.GetToken [26] - MESSAGE: Token generation initiated for User- Saurabh
 2022-07-04 23:33:22,479  INFO AuthorizationMicroService.Repository.TokenRepository.GetToken [49] - MESSAGE: Token Generated Successfuly
 2022-07-04 23:33:22,479 DEBUG AuthorizationMicroService.Repository.TokenRepository.GetToken [58] - MESSAGE: Returning token with user data containing Id- 1 and Location- Haldwani and Token- eyJhbGciOiJIUzI1NiIsInR5cCI6IkpXVCJ9.eyJ1bmlxdWVfbmFtZSI6IlNhdXJhYmgiLCJlbWFpbCI6InNtMTIzQGdtYWlsLmNvbSIsIm5iZiI6MTY1Njk1NzgwMiwiZXhwIjoxNjU2OTU4NzAyLCJpYXQiOjE2NTY5NTc4MDIsImlzcyI6IkludmVudG9yeUF1dGhlbnRpY2F0aW9uU2VydmVyIiwiYXVkIjoiSW52ZW50b3J5U2VydmljZVBvc3RtYW5DbGllbnQifQ.R_sfxA92JUU6X-oeKDVLpWkQMdCbvWjsMieGlrl1aO8
 2022-07-04 23:34:58,219 DEBUG AuthorizationMicroService.Providers.TokenProvider.GetToken [28] - MESSAGE: Validate Login Details Email- sm123@gmail.com and Password- hello
 2022-07-04 23:34:58,223  INFO AuthorizationMicroService.Providers.TokenProvider.GetToken [36] - MESSAGE: login data is correct for Email- sm123@gmail.com and Password- hello
 2022-07-04 23:34:58,224 DEBUG AuthorizationMicroService.Repository.TokenRepository.GetToken [26] - MESSAGE: Token generation initiated for User- Saurabh
 2022-07-04 23:34:58,227  INFO AuthorizationMicroService.Repository.TokenRepository.GetToken [49] - MESSAGE: Token Generated Successfuly
 2022-07-04 23:34:58,228 DEBUG AuthorizationMicroService.Repository.TokenRepository.GetToken [58] - MESSAGE: Returning token with user data containing Id- 1 and Location- Haldwani and Token- eyJhbGciOiJIUzI1NiIsInR5cCI6IkpXVCJ9.eyJ1bmlxdWVfbmFtZSI6IlNhdXJhYmgiLCJlbWFpbCI6InNtMTIzQGdtYWlsLmNvbSIsIm5iZiI6MTY1Njk1Nzg5OCwiZXhwIjoxNjU2OTU4Nzk4LCJpYXQiOjE2NTY5NTc4OTgsImlzcyI6IkludmVudG9yeUF1dGhlbnRpY2F0aW9uU2VydmVyIiwiYXVkIjoiSW52ZW50b3J5U2VydmljZVBvc3RtYW5DbGllbnQifQ.9jUUz0CGcDy45ew1vxVuC8ja-jO7M02wT3zQPUVwdwM
 2022-07-04 23:36:07,452 DEBUG AuthorizationMicroService.Providers.TokenProvider.GetToken [28] - MESSAGE: Validate Login Details Email- sm123@gmail.com and Password- hello
 2022-07-04 23:36:07,454  INFO AuthorizationMicroService.Providers.TokenProvider.GetToken [36] - MESSAGE: login data is correct for Email- sm123@gmail.com and Password- hello
 2022-07-04 23:36:07,454 DEBUG AuthorizationMicroService.Repository.TokenRepository.GetToken [26] - MESSAGE: Token generation initiated for User- Saurabh
 2022-07-04 23:36:07,455  INFO AuthorizationMicroService.Repository.TokenRepository.GetToken [49] - MESSAGE: Token Generated Successfuly
 2022-07-04 23:36:07,456 DEBUG AuthorizationMicroService.Repository.TokenRepository.GetToken [58] - MESSAGE: Returning token with user data containing Id- 1 and Location- Haldwani and Token- eyJhbGciOiJIUzI1NiIsInR5cCI6IkpXVCJ9.eyJ1bmlxdWVfbmFtZSI6IlNhdXJhYmgiLCJlbWFpbCI6InNtMTIzQGdtYWlsLmNvbSIsIm5iZiI6MTY1Njk1Nzk2NywiZXhwIjoxNjU2OTU4ODY3LCJpYXQiOjE2NTY5NTc5NjcsImlzcyI6IkludmVudG9yeUF1dGhlbnRpY2F0aW9uU2VydmVyIiwiYXVkIjoiSW52ZW50b3J5U2VydmljZVBvc3RtYW5DbGllbnQifQ.G8CfHzFDZiB7n2mpYguPR3gaaGMe9ngMmlBKRQ8mNJE
 2022-07-04 23:37:08,800 DEBUG AuthorizationMicroService.Providers.TokenProvider.GetToken [28] - MESSAGE: Validate Login Details Email- sm123@gmailcom and Password- hello
 2022-07-04 23:37:08,812  WARN AuthorizationMicroService.Controllers.TokenController.Post [45] - MESSAGE: Bad Request !! Invalid Login Credentials
 2022-07-04 23:37:23,259 DEBUG AuthorizationMicroService.Providers.TokenProvider.GetToken [28] - MESSAGE: Validate Login Details Email- sm123@gmailcom and Password- hello
 2022-07-04 23:37:23,261  WARN AuthorizationMicroService.Controllers.TokenController.Post [45] - MESSAGE: Bad Request !! Invalid Login Credentials
 2022-07-04 23:37:24,813 DEBUG AuthorizationMicroService.Providers.TokenProvider.GetToken [28] - MESSAGE: Validate Login Details Email- sm123@gmailcom and Password- hello
 2022-07-04 23:37:24,814  WARN AuthorizationMicroService.Controllers.TokenController.Post [45] - MESSAGE: Bad Request !! Invalid Login Credentials
 2022-07-04 23:37:36,856 DEBUG AuthorizationMicroService.Providers.TokenProvider.GetToken [28] - MESSAGE: Validate Login Details Email- sm123@gmail.com and Password- hello
 2022-07-04 23:37:36,858  INFO AuthorizationMicroService.Providers.TokenProvider.GetToken [36] - MESSAGE: login data is correct for Email- sm123@gmail.com and Password- hello
 2022-07-04 23:37:36,859 DEBUG AuthorizationMicroService.Repository.TokenRepository.GetToken [26] - MESSAGE: Token generation initiated for User- Saurabh
 2022-07-04 23:37:36,862  INFO AuthorizationMicroService.Repository.TokenRepository.GetToken [49] - MESSAGE: Token Generated Successfuly
 2022-07-04 23:37:36,863 DEBUG AuthorizationMicroService.Repository.TokenRepository.GetToken [58] - MESSAGE: Returning token with user data containing Id- 1 and Location- Haldwani and Token- eyJhbGciOiJIUzI1NiIsInR5cCI6IkpXVCJ9.eyJ1bmlxdWVfbmFtZSI6IlNhdXJhYmgiLCJlbWFpbCI6InNtMTIzQGdtYWlsLmNvbSIsIm5iZiI6MTY1Njk1ODA1NiwiZXhwIjoxNjU2OTU4OTU2LCJpYXQiOjE2NTY5NTgwNTYsImlzcyI6IkludmVudG9yeUF1dGhlbnRpY2F0aW9uU2VydmVyIiwiYXVkIjoiSW52ZW50b3J5U2VydmljZVBvc3RtYW5DbGllbnQifQ.KVE5hU8w70Q9OaueV6MWMmeBX_h9h31v1QHZJ84TBk0
 2022-07-04 23:40:24,514 DEBUG AuthorizationMicroService.Providers.TokenProvider.GetToken [28] - MESSAGE: Validate Login Details Email- sm123@gmail and Password- hello
 2022-07-04 23:40:24,515  WARN AuthorizationMicroService.Controllers.TokenController.Post [45] - MESSAGE: Bad Request !! Invalid Login Credentials
 2022-07-04 23:40:31,372 DEBUG AuthorizationMicroService.Providers.TokenProvider.GetToken [28] - MESSAGE: Validate Login Details Email- sm123@gmail and Password- hello
 2022-07-04 23:40:31,372  WARN AuthorizationMicroService.Controllers.TokenController.Post [45] - MESSAGE: Bad Request !! Invalid Login Credentials
 2022-07-04 23:40:36,351 DEBUG AuthorizationMicroService.Providers.TokenProvider.GetToken [28] - MESSAGE: Validate Login Details Email- sm123@gmail and Password- hello
 2022-07-04 23:40:36,352  WARN AuthorizationMicroService.Controllers.TokenController.Post [45] - MESSAGE: Bad Request !! Invalid Login Credentials
 2022-07-04 23:40:46,981 DEBUG AuthorizationMicroService.Providers.TokenProvider.GetToken [28] - MESSAGE: Validate Login Details Email- sm123@gmail.com and Password- hello
 2022-07-04 23:40:46,982  INFO AuthorizationMicroService.Providers.TokenProvider.GetToken [36] - MESSAGE: login data is correct for Email- sm123@gmail.com and Password- hello
 2022-07-04 23:40:46,983 DEBUG AuthorizationMicroService.Repository.TokenRepository.GetToken [26] - MESSAGE: Token generation initiated for User- Saurabh
 2022-07-04 23:40:46,986  INFO AuthorizationMicroService.Repository.TokenRepository.GetToken [49] - MESSAGE: Token Generated Successfuly
 2022-07-04 23:40:46,987 DEBUG AuthorizationMicroService.Repository.TokenRepository.GetToken [58] - MESSAGE: Returning token with user data containing Id- 1 and Location- Haldwani and Token- eyJhbGciOiJIUzI1NiIsInR5cCI6IkpXVCJ9.eyJ1bmlxdWVfbmFtZSI6IlNhdXJhYmgiLCJlbWFpbCI6InNtMTIzQGdtYWlsLmNvbSIsIm5iZiI6MTY1Njk1ODI0NiwiZXhwIjoxNjU2OTU5MTQ2LCJpYXQiOjE2NTY5NTgyNDYsImlzcyI6IkludmVudG9yeUF1dGhlbnRpY2F0aW9uU2VydmVyIiwiYXVkIjoiSW52ZW50b3J5U2VydmljZVBvc3RtYW5DbGllbnQifQ.csXujqv1Z4e-pZ56UXtju0eUcrX-aG_LiaBoiifSUUc
 2022-07-04 23:42:22,612 DEBUG AuthorizationMicroService.Providers.TokenProvider.GetToken [28] - MESSAGE: Validate Login Details Email- sm123@gmail.com and Password- hello
 2022-07-04 23:42:22,613  INFO AuthorizationMicroService.Providers.TokenProvider.GetToken [36] - MESSAGE: login data is correct for Email- sm123@gmail.com and Password- hello
 2022-07-04 23:42:22,614 DEBUG AuthorizationMicroService.Repository.TokenRepository.GetToken [26] - MESSAGE: Token generation initiated for User- Saurabh
 2022-07-04 23:42:22,615  INFO AuthorizationMicroService.Repository.TokenRepository.GetToken [49] - MESSAGE: Token Generated Successfuly
 2022-07-04 23:42:22,616 DEBUG AuthorizationMicroService.Repository.TokenRepository.GetToken [58] - MESSAGE: Returning token with user data containing Id- 1 and Location- Haldwani and Token- eyJhbGciOiJIUzI1NiIsInR5cCI6IkpXVCJ9.eyJ1bmlxdWVfbmFtZSI6IlNhdXJhYmgiLCJlbWFpbCI6InNtMTIzQGdtYWlsLmNvbSIsIm5iZiI6MTY1Njk1ODM0MiwiZXhwIjoxNjU2OTU5MjQyLCJpYXQiOjE2NTY5NTgzNDIsImlzcyI6IkludmVudG9yeUF1dGhlbnRpY2F0aW9uU2VydmVyIiwiYXVkIjoiSW52ZW50b3J5U2VydmljZVBvc3RtYW5DbGllbnQifQ.TlKElL7DpU568Ot-nD6zPCay6GlgLlQtf7Y31skgbsg
 2022-07-04 23:46:44,116 DEBUG AuthorizationMicroService.Providers.TokenProvider.GetToken [28] - MESSAGE: Validate Login Details Email- sm123@gmail.com and Password- hello
 2022-07-04 23:46:44,118  INFO AuthorizationMicroService.Providers.TokenProvider.GetToken [36] - MESSAGE: login data is correct for Email- sm123@gmail.com and Password- hello
 2022-07-04 23:46:44,119 DEBUG AuthorizationMicroService.Repository.TokenRepository.GetToken [26] - MESSAGE: Token generation initiated for User- Saurabh
 2022-07-04 23:46:44,122  INFO AuthorizationMicroService.Repository.TokenRepository.GetToken [49] - MESSAGE: Token Generated Successfuly
 2022-07-04 23:46:44,122 DEBUG AuthorizationMicroService.Repository.TokenRepository.GetToken [58] - MESSAGE: Returning token with user data containing Id- 1 and Location- Haldwani and Token- eyJhbGciOiJIUzI1NiIsInR5cCI6IkpXVCJ9.eyJ1bmlxdWVfbmFtZSI6IlNhdXJhYmgiLCJlbWFpbCI6InNtMTIzQGdtYWlsLmNvbSIsIm5iZiI6MTY1Njk1ODYwNCwiZXhwIjoxNjU2OTU5NTA0LCJpYXQiOjE2NTY5NTg2MDQsImlzcyI6IkludmVudG9yeUF1dGhlbnRpY2F0aW9uU2VydmVyIiwiYXVkIjoiSW52ZW50b3J5U2VydmljZVBvc3RtYW5DbGllbnQifQ.5wlFBmigfpEzsApbhIWyaJhenxfrIn_6lCkyxpIzSVQ
 2022-07-05 10:34:44,850  INFO Microsoft.Hosting.Lifetime.LogMessage [0] - MESSAGE: Application started. Press Ctrl+C to shut down.
 2022-07-05 10:34:45,053  INFO Microsoft.Hosting.Lifetime.LogMessage [0] - MESSAGE: Application started. Press Ctrl+C to shut down.
 2022-07-05 10:34:45,056  INFO Microsoft.Hosting.Lifetime.LogMessage [0] - MESSAGE: Hosting environment: Development
 2022-07-05 10:34:45,057  INFO Microsoft.Hosting.Lifetime.LogMessage [0] - MESSAGE: Hosting environment: Development
 2022-07-05 10:34:45,060  INFO Microsoft.Hosting.Lifetime.LogMessage [0] - MESSAGE: Content root path: C:\Users\wwwde\OneDrive\Desktop\Book-My-Doctor-MOP\Authorization-MicroService
 2022-07-05 10:34:45,061  INFO Microsoft.Hosting.Lifetime.LogMessage [0] - MESSAGE: Content root path: C:\Users\wwwde\OneDrive\Desktop\Book-My-Doctor-MOP\Authorization-MicroService
 2022-07-05 10:35:34,053 DEBUG AuthorizationMicroService.Providers.TokenProvider.GetToken [28] - MESSAGE: Validate Login Details Email- sm123@gmail.com and Password- hello
 2022-07-05 10:35:34,071  INFO AuthorizationMicroService.Providers.TokenProvider.GetToken [36] - MESSAGE: login data is correct for Email- sm123@gmail.com and Password- hello
 2022-07-05 10:35:34,123 DEBUG AuthorizationMicroService.Repository.TokenRepository.GetToken [26] - MESSAGE: Token generation initiated for User- Saurabh
 2022-07-05 10:35:34,423  INFO AuthorizationMicroService.Repository.TokenRepository.GetToken [49] - MESSAGE: Token Generated Successfuly
 2022-07-05 10:35:34,424 DEBUG AuthorizationMicroService.Repository.TokenRepository.GetToken [58] - MESSAGE: Returning token with user data containing Id- 1 and Location- Haldwani and Token- eyJhbGciOiJIUzI1NiIsInR5cCI6IkpXVCJ9.eyJ1bmlxdWVfbmFtZSI6IlNhdXJhYmgiLCJlbWFpbCI6InNtMTIzQGdtYWlsLmNvbSIsIm5iZiI6MTY1Njk5NzUzNCwiZXhwIjoxNjU2OTk4NDM0LCJpYXQiOjE2NTY5OTc1MzQsImlzcyI6IkludmVudG9yeUF1dGhlbnRpY2F0aW9uU2VydmVyIiwiYXVkIjoiSW52ZW50b3J5U2VydmljZVBvc3RtYW5DbGllbnQifQ.YgQkYjWS5T7KRk_vhLMcgPpKe7n8a_tOXYmJnS3CVEY
 2022-07-05 10:36:28,460 DEBUG AuthorizationMicroService.Providers.TokenProvider.GetToken [28] - MESSAGE: Validate Login Details Email- Saurabh and Password- hello
 2022-07-05 10:36:28,466  WARN AuthorizationMicroService.Controllers.TokenController.Post [45] - MESSAGE: Bad Request !! Invalid Login Credentials
 2022-07-05 10:36:30,072 DEBUG AuthorizationMicroService.Providers.TokenProvider.GetToken [28] - MESSAGE: Validate Login Details Email- Saurabh and Password- hello
 2022-07-05 10:36:30,075  WARN AuthorizationMicroService.Controllers.TokenController.Post [45] - MESSAGE: Bad Request !! Invalid Login Credentials
 2022-07-05 10:36:32,103 DEBUG AuthorizationMicroService.Providers.TokenProvider.GetToken [28] - MESSAGE: Validate Login Details Email- Saurabh and Password- hello
 2022-07-05 10:36:32,113  WARN AuthorizationMicroService.Controllers.TokenController.Post [45] - MESSAGE: Bad Request !! Invalid Login Credentials
 2022-07-05 10:36:32,977 DEBUG AuthorizationMicroService.Providers.TokenProvider.GetToken [28] - MESSAGE: Validate Login Details Email- Saurabh and Password- hello
 2022-07-05 10:36:32,980  WARN AuthorizationMicroService.Controllers.TokenController.Post [45] - MESSAGE: Bad Request !! Invalid Login Credentials
 2022-07-05 10:36:33,729 DEBUG AuthorizationMicroService.Providers.TokenProvider.GetToken [28] - MESSAGE: Validate Login Details Email- Saurabh and Password- hello
 2022-07-05 10:36:33,730  WARN AuthorizationMicroService.Controllers.TokenController.Post [45] - MESSAGE: Bad Request !! Invalid Login Credentials
 2022-07-05 10:36:33,880 DEBUG AuthorizationMicroService.Providers.TokenProvider.GetToken [28] - MESSAGE: Validate Login Details Email- Saurabh and Password- hello
 2022-07-05 10:36:33,881  WARN AuthorizationMicroService.Controllers.TokenController.Post [45] - MESSAGE: Bad Request !! Invalid Login Credentials
 2022-07-05 10:36:34,082 DEBUG AuthorizationMicroService.Providers.TokenProvider.GetToken [28] - MESSAGE: Validate Login Details Email- Saurabh and Password- hello
 2022-07-05 10:36:34,086  WARN AuthorizationMicroService.Controllers.TokenController.Post [45] - MESSAGE: Bad Request !! Invalid Login Credentials
 2022-07-05 10:36:34,244 DEBUG AuthorizationMicroService.Providers.TokenProvider.GetToken [28] - MESSAGE: Validate Login Details Email- Saurabh and Password- hello
 2022-07-05 10:36:34,246  WARN AuthorizationMicroService.Controllers.TokenController.Post [45] - MESSAGE: Bad Request !! Invalid Login Credentials
 2022-07-05 10:36:34,404 DEBUG AuthorizationMicroService.Providers.TokenProvider.GetToken [28] - MESSAGE: Validate Login Details Email- Saurabh and Password- hello
 2022-07-05 10:36:34,405  WARN AuthorizationMicroService.Controllers.TokenController.Post [45] - MESSAGE: Bad Request !! Invalid Login Credentials
 2022-07-05 10:36:34,649 DEBUG AuthorizationMicroService.Providers.TokenProvider.GetToken [28] - MESSAGE: Validate Login Details Email- Saurabh and Password- hello
 2022-07-05 10:36:34,649  WARN AuthorizationMicroService.Controllers.TokenController.Post [45] - MESSAGE: Bad Request !! Invalid Login Credentials
 2022-07-05 10:36:34,819 DEBUG AuthorizationMicroService.Providers.TokenProvider.GetToken [28] - MESSAGE: Validate Login Details Email- Saurabh and Password- hello
 2022-07-05 10:36:34,820  WARN AuthorizationMicroService.Controllers.TokenController.Post [45] - MESSAGE: Bad Request !! Invalid Login Credentials
 2022-07-05 10:36:35,014 DEBUG AuthorizationMicroService.Providers.TokenProvider.GetToken [28] - MESSAGE: Validate Login Details Email- Saurabh and Password- hello
 2022-07-05 10:36:35,015  WARN AuthorizationMicroService.Controllers.TokenController.Post [45] - MESSAGE: Bad Request !! Invalid Login Credentials
 2022-07-05 10:36:35,210 DEBUG AuthorizationMicroService.Providers.TokenProvider.GetToken [28] - MESSAGE: Validate Login Details Email- Saurabh and Password- hello
 2022-07-05 10:36:35,210  WARN AuthorizationMicroService.Controllers.TokenController.Post [45] - MESSAGE: Bad Request !! Invalid Login Credentials
 2022-07-05 10:36:35,378 DEBUG AuthorizationMicroService.Providers.TokenProvider.GetToken [28] - MESSAGE: Validate Login Details Email- Saurabh and Password- hello
 2022-07-05 10:36:35,379  WARN AuthorizationMicroService.Controllers.TokenController.Post [45] - MESSAGE: Bad Request !! Invalid Login Credentials
 2022-07-05 10:36:35,564 DEBUG AuthorizationMicroService.Providers.TokenProvider.GetToken [28] - MESSAGE: Validate Login Details Email- Saurabh and Password- hello
 2022-07-05 10:36:35,565  WARN AuthorizationMicroService.Controllers.TokenController.Post [45] - MESSAGE: Bad Request !! Invalid Login Credentials
 2022-07-05 10:36:35,733 DEBUG AuthorizationMicroService.Providers.TokenProvider.GetToken [28] - MESSAGE: Validate Login Details Email- Saurabh and Password- hello
 2022-07-05 10:36:35,734  WARN AuthorizationMicroService.Controllers.TokenController.Post [45] - MESSAGE: Bad Request !! Invalid Login Credentials
 2022-07-05 10:36:35,924 DEBUG AuthorizationMicroService.Providers.TokenProvider.GetToken [28] - MESSAGE: Validate Login Details Email- Saurabh and Password- hello
 2022-07-05 10:36:35,925  WARN AuthorizationMicroService.Controllers.TokenController.Post [45] - MESSAGE: Bad Request !! Invalid Login Credentials
 2022-07-05 10:36:36,164 DEBUG AuthorizationMicroService.Providers.TokenProvider.GetToken [28] - MESSAGE: Validate Login Details Email- Saurabh and Password- hello
 2022-07-05 10:36:36,166  WARN AuthorizationMicroService.Controllers.TokenController.Post [45] - MESSAGE: Bad Request !! Invalid Login Credentials
 2022-07-05 10:36:40,862 DEBUG AuthorizationMicroService.Providers.TokenProvider.GetToken [28] - MESSAGE: Validate Login Details Email- Saurabh and Password- hello
 2022-07-05 10:36:40,863  WARN AuthorizationMicroService.Controllers.TokenController.Post [45] - MESSAGE: Bad Request !! Invalid Login Credentials
 2022-07-05 10:36:40,910 DEBUG AuthorizationMicroService.Providers.TokenProvider.GetToken [28] - MESSAGE: Validate Login Details Email- Saurabh and Password- hello
 2022-07-05 10:36:40,912  WARN AuthorizationMicroService.Controllers.TokenController.Post [45] - MESSAGE: Bad Request !! Invalid Login Credentials
 2022-07-05 10:36:41,055 DEBUG AuthorizationMicroService.Providers.TokenProvider.GetToken [28] - MESSAGE: Validate Login Details Email- Saurabh and Password- hello
 2022-07-05 10:36:41,056  WARN AuthorizationMicroService.Controllers.TokenController.Post [45] - MESSAGE: Bad Request !! Invalid Login Credentials
 2022-07-05 10:36:41,272 DEBUG AuthorizationMicroService.Providers.TokenProvider.GetToken [28] - MESSAGE: Validate Login Details Email- Saurabh and Password- hello
 2022-07-05 10:36:41,274  WARN AuthorizationMicroService.Controllers.TokenController.Post [45] - MESSAGE: Bad Request !! Invalid Login Credentials
 2022-07-05 10:36:41,498 DEBUG AuthorizationMicroService.Providers.TokenProvider.GetToken [28] - MESSAGE: Validate Login Details Email- Saurabh and Password- hello
 2022-07-05 10:36:41,499  WARN AuthorizationMicroService.Controllers.TokenController.Post [45] - MESSAGE: Bad Request !! Invalid Login Credentials
 2022-07-05 10:36:41,716 DEBUG AuthorizationMicroService.Providers.TokenProvider.GetToken [28] - MESSAGE: Validate Login Details Email- Saurabh and Password- hello
 2022-07-05 10:36:41,718  WARN AuthorizationMicroService.Controllers.TokenController.Post [45] - MESSAGE: Bad Request !! Invalid Login Credentials
 2022-07-05 10:36:57,148 DEBUG AuthorizationMicroService.Providers.TokenProvider.GetToken [28] - MESSAGE: Validate Login Details Email- sm123@gmail.com and Password- hello
 2022-07-05 10:36:57,150  INFO AuthorizationMicroService.Providers.TokenProvider.GetToken [36] - MESSAGE: login data is correct for Email- sm123@gmail.com and Password- hello
 2022-07-05 10:36:57,152 DEBUG AuthorizationMicroService.Repository.TokenRepository.GetToken [26] - MESSAGE: Token generation initiated for User- Saurabh
 2022-07-05 10:36:57,157  INFO AuthorizationMicroService.Repository.TokenRepository.GetToken [49] - MESSAGE: Token Generated Successfuly
 2022-07-05 10:36:57,158 DEBUG AuthorizationMicroService.Repository.TokenRepository.GetToken [58] - MESSAGE: Returning token with user data containing Id- 1 and Location- Haldwani and Token- eyJhbGciOiJIUzI1NiIsInR5cCI6IkpXVCJ9.eyJ1bmlxdWVfbmFtZSI6IlNhdXJhYmgiLCJlbWFpbCI6InNtMTIzQGdtYWlsLmNvbSIsIm5iZiI6MTY1Njk5NzYxNywiZXhwIjoxNjU2OTk4NTE3LCJpYXQiOjE2NTY5OTc2MTcsImlzcyI6IkludmVudG9yeUF1dGhlbnRpY2F0aW9uU2VydmVyIiwiYXVkIjoiSW52ZW50b3J5U2VydmljZVBvc3RtYW5DbGllbnQifQ.RLDVRfNBEOCMU60AEivFqdmsYvF9J6YhjunUYZ4QqhU
 2022-07-05 10:38:19,953 DEBUG AuthorizationMicroService.Providers.TokenProvider.GetToken [28] - MESSAGE: Validate Login Details Email- Saurabh and Password- hello
 2022-07-05 10:38:19,983  WARN AuthorizationMicroService.Controllers.TokenController.Post [45] - MESSAGE: Bad Request !! Invalid Login Credentials
 2022-07-05 10:38:22,907 DEBUG AuthorizationMicroService.Providers.TokenProvider.GetToken [28] - MESSAGE: Validate Login Details Email- Saurabh and Password- hello
 2022-07-05 10:38:22,908  WARN AuthorizationMicroService.Controllers.TokenController.Post [45] - MESSAGE: Bad Request !! Invalid Login Credentials
 2022-07-05 10:38:59,226 DEBUG AuthorizationMicroService.Providers.TokenProvider.GetToken [28] - MESSAGE: Validate Login Details Email- sm123@gmail.com and Password- hello
 2022-07-05 10:38:59,226  INFO AuthorizationMicroService.Providers.TokenProvider.GetToken [36] - MESSAGE: login data is correct for Email- sm123@gmail.com and Password- hello
 2022-07-05 10:38:59,227 DEBUG AuthorizationMicroService.Repository.TokenRepository.GetToken [26] - MESSAGE: Token generation initiated for User- Saurabh
 2022-07-05 10:38:59,229  INFO AuthorizationMicroService.Repository.TokenRepository.GetToken [49] - MESSAGE: Token Generated Successfuly
 2022-07-05 10:38:59,230 DEBUG AuthorizationMicroService.Repository.TokenRepository.GetToken [58] - MESSAGE: Returning token with user data containing Id- 1 and Location- Haldwani and Token- eyJhbGciOiJIUzI1NiIsInR5cCI6IkpXVCJ9.eyJ1bmlxdWVfbmFtZSI6IlNhdXJhYmgiLCJlbWFpbCI6InNtMTIzQGdtYWlsLmNvbSIsIm5iZiI6MTY1Njk5NzczOSwiZXhwIjoxNjU2OTk4NjM5LCJpYXQiOjE2NTY5OTc3MzksImlzcyI6IkludmVudG9yeUF1dGhlbnRpY2F0aW9uU2VydmVyIiwiYXVkIjoiSW52ZW50b3J5U2VydmljZVBvc3RtYW5DbGllbnQifQ.FiGlj-8E_FiyNn28k3q4nyXuBJJ55AAZnzg4ETEC44E
 2022-07-05 10:40:04,961 DEBUG AuthorizationMicroService.Providers.TokenProvider.GetToken [28] - MESSAGE: Validate Login Details Email- sm123@gmail.com and Password- hello
 2022-07-05 10:40:04,962  INFO AuthorizationMicroService.Providers.TokenProvider.GetToken [36] - MESSAGE: login data is correct for Email- sm123@gmail.com and Password- hello
 2022-07-05 10:40:04,962 DEBUG AuthorizationMicroService.Repository.TokenRepository.GetToken [26] - MESSAGE: Token generation initiated for User- Saurabh
 2022-07-05 10:40:04,964  INFO AuthorizationMicroService.Repository.TokenRepository.GetToken [49] - MESSAGE: Token Generated Successfuly
 2022-07-05 10:40:04,965 DEBUG AuthorizationMicroService.Repository.TokenRepository.GetToken [58] - MESSAGE: Returning token with user data containing Id- 1 and Location- Haldwani and Token- eyJhbGciOiJIUzI1NiIsInR5cCI6IkpXVCJ9.eyJ1bmlxdWVfbmFtZSI6IlNhdXJhYmgiLCJlbWFpbCI6InNtMTIzQGdtYWlsLmNvbSIsIm5iZiI6MTY1Njk5NzgwNCwiZXhwIjoxNjU2OTk4NzA0LCJpYXQiOjE2NTY5OTc4MDQsImlzcyI6IkludmVudG9yeUF1dGhlbnRpY2F0aW9uU2VydmVyIiwiYXVkIjoiSW52ZW50b3J5U2VydmljZVBvc3RtYW5DbGllbnQifQ.9942lFONFQ8aXixtWtPb2RASZytgoagyO9QJJsOjDII
 2022-07-05 11:44:46,766 DEBUG AuthorizationMicroService.Providers.TokenProvider.GetToken [28] - MESSAGE: Validate Login Details Email- sm123@gmail.com and Password- hello
 2022-07-05 11:44:46,813  INFO AuthorizationMicroService.Providers.TokenProvider.GetToken [36] - MESSAGE: login data is correct for Email- sm123@gmail.com and Password- hello
 2022-07-05 11:44:46,814 DEBUG AuthorizationMicroService.Repository.TokenRepository.GetToken [26] - MESSAGE: Token generation initiated for User- Saurabh
 2022-07-05 11:44:46,846  INFO AuthorizationMicroService.Repository.TokenRepository.GetToken [49] - MESSAGE: Token Generated Successfuly
 2022-07-05 11:44:46,848 DEBUG AuthorizationMicroService.Repository.TokenRepository.GetToken [58] - MESSAGE: Returning token with user data containing Id- 1 and Location- Haldwani and Token- eyJhbGciOiJIUzI1NiIsInR5cCI6IkpXVCJ9.eyJ1bmlxdWVfbmFtZSI6IlNhdXJhYmgiLCJlbWFpbCI6InNtMTIzQGdtYWlsLmNvbSIsIm5iZiI6MTY1NzAwMTY4NiwiZXhwIjoxNjU3MDAyNTg2LCJpYXQiOjE2NTcwMDE2ODYsImlzcyI6IkludmVudG9yeUF1dGhlbnRpY2F0aW9uU2VydmVyIiwiYXVkIjoiSW52ZW50b3J5U2VydmljZVBvc3RtYW5DbGllbnQifQ.uYy4NS_usapEpY4TMJB-js6uqK8_TnbYpAGylw9UKDo
 2022-07-05 18:24:13,339  INFO Microsoft.Hosting.Lifetime.LogMessage [0] - MESSAGE: Application started. Press Ctrl+C to shut down.
 2022-07-05 18:24:13,635  INFO Microsoft.Hosting.Lifetime.LogMessage [0] - MESSAGE: Application started. Press Ctrl+C to shut down.
 2022-07-05 18:24:13,647  INFO Microsoft.Hosting.Lifetime.LogMessage [0] - MESSAGE: Hosting environment: Development
 2022-07-05 18:24:13,648  INFO Microsoft.Hosting.Lifetime.LogMessage [0] - MESSAGE: Hosting environment: Development
 2022-07-05 18:24:13,653  INFO Microsoft.Hosting.Lifetime.LogMessage [0] - MESSAGE: Content root path: C:\Users\wwwde\OneDrive\Desktop\Book-My-Doctor-MOP\Authorization-MicroService
 2022-07-05 18:24:13,654  INFO Microsoft.Hosting.Lifetime.LogMessage [0] - MESSAGE: Content root path: C:\Users\wwwde\OneDrive\Desktop\Book-My-Doctor-MOP\Authorization-MicroService
 2022-07-05 18:30:55,087 DEBUG AuthorizationMicroService.Providers.TokenProvider.GetToken [28] - MESSAGE: Validate Login Details Email- sm123@gmail.com and Password- hello
 2022-07-05 18:30:55,134  INFO AuthorizationMicroService.Providers.TokenProvider.GetToken [36] - MESSAGE: login data is correct for Email- sm123@gmail.com and Password- hello
 2022-07-05 18:30:55,286 DEBUG AuthorizationMicroService.Repository.TokenRepository.GetToken [26] - MESSAGE: Token generation initiated for User- Saurabh
 2022-07-05 18:30:55,665  INFO AuthorizationMicroService.Repository.TokenRepository.GetToken [49] - MESSAGE: Token Generated Successfuly
 2022-07-05 18:30:55,666 DEBUG AuthorizationMicroService.Repository.TokenRepository.GetToken [58] - MESSAGE: Returning token with user data containing Id- 1 and Location- Haldwani and Token- eyJhbGciOiJIUzI1NiIsInR5cCI6IkpXVCJ9.eyJ1bmlxdWVfbmFtZSI6IlNhdXJhYmgiLCJlbWFpbCI6InNtMTIzQGdtYWlsLmNvbSIsIm5iZiI6MTY1NzAyNjA1NSwiZXhwIjoxNjU3MDI2OTU1LCJpYXQiOjE2NTcwMjYwNTUsImlzcyI6IkludmVudG9yeUF1dGhlbnRpY2F0aW9uU2VydmVyIiwiYXVkIjoiSW52ZW50b3J5U2VydmljZVBvc3RtYW5DbGllbnQifQ.6PIHTvUm419GaGxfDUkTrD77Zg36xy3hzA5L9CE0h8s
 2022-07-05 18:33:32,666 DEBUG AuthorizationMicroService.Providers.TokenProvider.GetToken [28] - MESSAGE: Validate Login Details Email- sm123@gmail.com and Password- hello
 2022-07-05 18:33:32,668  INFO AuthorizationMicroService.Providers.TokenProvider.GetToken [36] - MESSAGE: login data is correct for Email- sm123@gmail.com and Password- hello
 2022-07-05 18:33:32,668 DEBUG AuthorizationMicroService.Repository.TokenRepository.GetToken [26] - MESSAGE: Token generation initiated for User- Saurabh
 2022-07-05 18:33:32,671  INFO AuthorizationMicroService.Repository.TokenRepository.GetToken [49] - MESSAGE: Token Generated Successfuly
 2022-07-05 18:33:32,671 DEBUG AuthorizationMicroService.Repository.TokenRepository.GetToken [58] - MESSAGE: Returning token with user data containing Id- 1 and Location- Haldwani and Token- eyJhbGciOiJIUzI1NiIsInR5cCI6IkpXVCJ9.eyJ1bmlxdWVfbmFtZSI6IlNhdXJhYmgiLCJlbWFpbCI6InNtMTIzQGdtYWlsLmNvbSIsIm5iZiI6MTY1NzAyNjIxMiwiZXhwIjoxNjU3MDI3MTEyLCJpYXQiOjE2NTcwMjYyMTIsImlzcyI6IkludmVudG9yeUF1dGhlbnRpY2F0aW9uU2VydmVyIiwiYXVkIjoiSW52ZW50b3J5U2VydmljZVBvc3RtYW5DbGllbnQifQ.eC3suXV_1-P_wbAxdq1-vA5ZQoTTfjkVMawzPHJOmhA
 2022-07-05 18:57:56,231 DEBUG AuthorizationMicroService.Providers.TokenProvider.GetToken [28] - MESSAGE: Validate Login Details Email- sm123@gmail.com and Password- hello
 2022-07-05 18:57:56,268  INFO AuthorizationMicroService.Providers.TokenProvider.GetToken [36] - MESSAGE: login data is correct for Email- sm123@gmail.com and Password- hello
 2022-07-05 18:57:56,270 DEBUG AuthorizationMicroService.Repository.TokenRepository.GetToken [26] - MESSAGE: Token generation initiated for User- Saurabh
 2022-07-05 18:57:56,285  INFO AuthorizationMicroService.Repository.TokenRepository.GetToken [49] - MESSAGE: Token Generated Successfuly
 2022-07-05 18:57:56,286 DEBUG AuthorizationMicroService.Repository.TokenRepository.GetToken [58] - MESSAGE: Returning token with user data containing Id- 1 and Location- Haldwani and Token- eyJhbGciOiJIUzI1NiIsInR5cCI6IkpXVCJ9.eyJ1bmlxdWVfbmFtZSI6IlNhdXJhYmgiLCJlbWFpbCI6InNtMTIzQGdtYWlsLmNvbSIsIm5iZiI6MTY1NzAyNzY3NiwiZXhwIjoxNjU3MDI4NTc2LCJpYXQiOjE2NTcwMjc2NzYsImlzcyI6IkludmVudG9yeUF1dGhlbnRpY2F0aW9uU2VydmVyIiwiYXVkIjoiSW52ZW50b3J5U2VydmljZVBvc3RtYW5DbGllbnQifQ.yAD2Fsh_VMryW6qUiYj5EtpqA35aeIKAtumcxMHzTRA
 2022-07-05 19:00:28,210 DEBUG AuthorizationMicroService.Providers.TokenProvider.GetToken [28] - MESSAGE: Validate Login Details Email- sm123@gmail.com and Password- hello
 2022-07-05 19:00:28,217  INFO AuthorizationMicroService.Providers.TokenProvider.GetToken [36] - MESSAGE: login data is correct for Email- sm123@gmail.com and Password- hello
 2022-07-05 19:00:28,220 DEBUG AuthorizationMicroService.Repository.TokenRepository.GetToken [26] - MESSAGE: Token generation initiated for User- Saurabh
 2022-07-05 19:00:28,227  INFO AuthorizationMicroService.Repository.TokenRepository.GetToken [49] - MESSAGE: Token Generated Successfuly
 2022-07-05 19:00:28,230 DEBUG AuthorizationMicroService.Repository.TokenRepository.GetToken [58] - MESSAGE: Returning token with user data containing Id- 1 and Location- Haldwani and Token- eyJhbGciOiJIUzI1NiIsInR5cCI6IkpXVCJ9.eyJ1bmlxdWVfbmFtZSI6IlNhdXJhYmgiLCJlbWFpbCI6InNtMTIzQGdtYWlsLmNvbSIsIm5iZiI6MTY1NzAyNzgyOCwiZXhwIjoxNjU3MDI4NzI4LCJpYXQiOjE2NTcwMjc4MjgsImlzcyI6IkludmVudG9yeUF1dGhlbnRpY2F0aW9uU2VydmVyIiwiYXVkIjoiSW52ZW50b3J5U2VydmljZVBvc3RtYW5DbGllbnQifQ.FKvGrPM_cDjjetnpG99mkMABDWFqbGW0l-ei9tQbG0M
 2022-07-05 19:04:13,402 DEBUG AuthorizationMicroService.Providers.TokenProvider.GetToken [28] - MESSAGE: Validate Login Details Email- sm123@gmail.com and Password- hello
 2022-07-05 19:04:13,436  INFO AuthorizationMicroService.Providers.TokenProvider.GetToken [36] - MESSAGE: login data is correct for Email- sm123@gmail.com and Password- hello
 2022-07-05 19:04:13,438 DEBUG AuthorizationMicroService.Repository.TokenRepository.GetToken [26] - MESSAGE: Token generation initiated for User- Saurabh
 2022-07-05 19:04:13,455  INFO AuthorizationMicroService.Repository.TokenRepository.GetToken [49] - MESSAGE: Token Generated Successfuly
 2022-07-05 19:04:13,456 DEBUG AuthorizationMicroService.Repository.TokenRepository.GetToken [58] - MESSAGE: Returning token with user data containing Id- 1 and Location- Haldwani and Token- eyJhbGciOiJIUzI1NiIsInR5cCI6IkpXVCJ9.eyJ1bmlxdWVfbmFtZSI6IlNhdXJhYmgiLCJlbWFpbCI6InNtMTIzQGdtYWlsLmNvbSIsIm5iZiI6MTY1NzAyODA1MywiZXhwIjoxNjU3MDI4OTUzLCJpYXQiOjE2NTcwMjgwNTMsImlzcyI6IkludmVudG9yeUF1dGhlbnRpY2F0aW9uU2VydmVyIiwiYXVkIjoiSW52ZW50b3J5U2VydmljZVBvc3RtYW5DbGllbnQifQ.7olUL2sJzZqNXY1JL7sd7NYw_BHEa3v3-SPkZ4TjQaY
 2022-07-05 19:04:17,896 DEBUG AuthorizationMicroService.Providers.TokenProvider.GetToken [28] - MESSAGE: Validate Login Details Email- sm123@gmail.com and Password- hello
 2022-07-05 19:04:17,899  INFO AuthorizationMicroService.Providers.TokenProvider.GetToken [36] - MESSAGE: login data is correct for Email- sm123@gmail.com and Password- hello
 2022-07-05 19:04:17,901 DEBUG AuthorizationMicroService.Repository.TokenRepository.GetToken [26] - MESSAGE: Token generation initiated for User- Saurabh
 2022-07-05 19:04:17,904  INFO AuthorizationMicroService.Repository.TokenRepository.GetToken [49] - MESSAGE: Token Generated Successfuly
 2022-07-05 19:04:17,906 DEBUG AuthorizationMicroService.Repository.TokenRepository.GetToken [58] - MESSAGE: Returning token with user data containing Id- 1 and Location- Haldwani and Token- eyJhbGciOiJIUzI1NiIsInR5cCI6IkpXVCJ9.eyJ1bmlxdWVfbmFtZSI6IlNhdXJhYmgiLCJlbWFpbCI6InNtMTIzQGdtYWlsLmNvbSIsIm5iZiI6MTY1NzAyODA1NywiZXhwIjoxNjU3MDI4OTU3LCJpYXQiOjE2NTcwMjgwNTcsImlzcyI6IkludmVudG9yeUF1dGhlbnRpY2F0aW9uU2VydmVyIiwiYXVkIjoiSW52ZW50b3J5U2VydmljZVBvc3RtYW5DbGllbnQifQ.s6TEiZ5r2CbZgZI1LAWndqBpLjXHuH4F_IZQ4cejmcA
 2022-07-05 19:04:22,957 DEBUG AuthorizationMicroService.Providers.TokenProvider.GetToken [28] - MESSAGE: Validate Login Details Email- sm123@gmail.com and Password- hello
 2022-07-05 19:04:22,959  INFO AuthorizationMicroService.Providers.TokenProvider.GetToken [36] - MESSAGE: login data is correct for Email- sm123@gmail.com and Password- hello
 2022-07-05 19:04:22,961 DEBUG AuthorizationMicroService.Repository.TokenRepository.GetToken [26] - MESSAGE: Token generation initiated for User- Saurabh
 2022-07-05 19:04:22,964  INFO AuthorizationMicroService.Repository.TokenRepository.GetToken [49] - MESSAGE: Token Generated Successfuly
 2022-07-05 19:04:22,965 DEBUG AuthorizationMicroService.Repository.TokenRepository.GetToken [58] - MESSAGE: Returning token with user data containing Id- 1 and Location- Haldwani and Token- eyJhbGciOiJIUzI1NiIsInR5cCI6IkpXVCJ9.eyJ1bmlxdWVfbmFtZSI6IlNhdXJhYmgiLCJlbWFpbCI6InNtMTIzQGdtYWlsLmNvbSIsIm5iZiI6MTY1NzAyODA2MiwiZXhwIjoxNjU3MDI4OTYyLCJpYXQiOjE2NTcwMjgwNjIsImlzcyI6IkludmVudG9yeUF1dGhlbnRpY2F0aW9uU2VydmVyIiwiYXVkIjoiSW52ZW50b3J5U2VydmljZVBvc3RtYW5DbGllbnQifQ.D-eWfr7LCGI2uUcPI4OBcObwvH0suzqJCPyZbC4MYMg
 2022-07-05 19:04:24,629 DEBUG AuthorizationMicroService.Providers.TokenProvider.GetToken [28] - MESSAGE: Validate Login Details Email- sm123@gmail.com and Password- hello
 2022-07-05 19:04:24,631  INFO AuthorizationMicroService.Providers.TokenProvider.GetToken [36] - MESSAGE: login data is correct for Email- sm123@gmail.com and Password- hello
 2022-07-05 19:04:24,633 DEBUG AuthorizationMicroService.Repository.TokenRepository.GetToken [26] - MESSAGE: Token generation initiated for User- Saurabh
 2022-07-05 19:04:24,635  INFO AuthorizationMicroService.Repository.TokenRepository.GetToken [49] - MESSAGE: Token Generated Successfuly
 2022-07-05 19:04:24,636 DEBUG AuthorizationMicroService.Repository.TokenRepository.GetToken [58] - MESSAGE: Returning token with user data containing Id- 1 and Location- Haldwani and Token- eyJhbGciOiJIUzI1NiIsInR5cCI6IkpXVCJ9.eyJ1bmlxdWVfbmFtZSI6IlNhdXJhYmgiLCJlbWFpbCI6InNtMTIzQGdtYWlsLmNvbSIsIm5iZiI6MTY1NzAyODA2NCwiZXhwIjoxNjU3MDI4OTY0LCJpYXQiOjE2NTcwMjgwNjQsImlzcyI6IkludmVudG9yeUF1dGhlbnRpY2F0aW9uU2VydmVyIiwiYXVkIjoiSW52ZW50b3J5U2VydmljZVBvc3RtYW5DbGllbnQifQ.a4ey0XHH-3qo2S60H_JEnWv3pAtZuRkQQLdRGS4lcN0
 2022-07-05 19:04:25,621 DEBUG AuthorizationMicroService.Providers.TokenProvider.GetToken [28] - MESSAGE: Validate Login Details Email- sm123@gmail.com and Password- hello
 2022-07-05 19:04:25,622  INFO AuthorizationMicroService.Providers.TokenProvider.GetToken [36] - MESSAGE: login data is correct for Email- sm123@gmail.com and Password- hello
 2022-07-05 19:04:25,623 DEBUG AuthorizationMicroService.Repository.TokenRepository.GetToken [26] - MESSAGE: Token generation initiated for User- Saurabh
 2022-07-05 19:04:25,624  INFO AuthorizationMicroService.Repository.TokenRepository.GetToken [49] - MESSAGE: Token Generated Successfuly
 2022-07-05 19:04:25,625 DEBUG AuthorizationMicroService.Repository.TokenRepository.GetToken [58] - MESSAGE: Returning token with user data containing Id- 1 and Location- Haldwani and Token- eyJhbGciOiJIUzI1NiIsInR5cCI6IkpXVCJ9.eyJ1bmlxdWVfbmFtZSI6IlNhdXJhYmgiLCJlbWFpbCI6InNtMTIzQGdtYWlsLmNvbSIsIm5iZiI6MTY1NzAyODA2NSwiZXhwIjoxNjU3MDI4OTY1LCJpYXQiOjE2NTcwMjgwNjUsImlzcyI6IkludmVudG9yeUF1dGhlbnRpY2F0aW9uU2VydmVyIiwiYXVkIjoiSW52ZW50b3J5U2VydmljZVBvc3RtYW5DbGllbnQifQ.YSQiuVMkTZRvNB4RxDyve90JkkGSGfEfrCuSTCSFNec
 2022-07-05 19:06:27,223 DEBUG AuthorizationMicroService.Providers.TokenProvider.GetToken [28] - MESSAGE: Validate Login Details Email- sm123@gmail.com and Password- hello
 2022-07-05 19:06:27,247  INFO AuthorizationMicroService.Providers.TokenProvider.GetToken [36] - MESSAGE: login data is correct for Email- sm123@gmail.com and Password- hello
 2022-07-05 19:06:27,248 DEBUG AuthorizationMicroService.Repository.TokenRepository.GetToken [26] - MESSAGE: Token generation initiated for User- Saurabh
 2022-07-05 19:06:27,256  INFO AuthorizationMicroService.Repository.TokenRepository.GetToken [49] - MESSAGE: Token Generated Successfuly
 2022-07-05 19:06:27,257 DEBUG AuthorizationMicroService.Repository.TokenRepository.GetToken [58] - MESSAGE: Returning token with user data containing Id- 1 and Location- Haldwani and Token- eyJhbGciOiJIUzI1NiIsInR5cCI6IkpXVCJ9.eyJ1bmlxdWVfbmFtZSI6IlNhdXJhYmgiLCJlbWFpbCI6InNtMTIzQGdtYWlsLmNvbSIsIm5iZiI6MTY1NzAyODE4NywiZXhwIjoxNjU3MDI5MDg3LCJpYXQiOjE2NTcwMjgxODcsImlzcyI6IkludmVudG9yeUF1dGhlbnRpY2F0aW9uU2VydmVyIiwiYXVkIjoiSW52ZW50b3J5U2VydmljZVBvc3RtYW5DbGllbnQifQ.rWTRojjxwaNpxuX408WdaT5D_dHSzQxzclkV6ZQoYzw
 2022-07-05 19:09:20,093 DEBUG AuthorizationMicroService.Providers.TokenProvider.GetToken [28] - MESSAGE: Validate Login Details Email- sm123@gmail.com and Password- hello
 2022-07-05 19:09:20,113  INFO AuthorizationMicroService.Providers.TokenProvider.GetToken [36] - MESSAGE: login data is correct for Email- sm123@gmail.com and Password- hello
 2022-07-05 19:09:20,114 DEBUG AuthorizationMicroService.Repository.TokenRepository.GetToken [26] - MESSAGE: Token generation initiated for User- Saurabh
 2022-07-05 19:09:20,131  INFO AuthorizationMicroService.Repository.TokenRepository.GetToken [49] - MESSAGE: Token Generated Successfuly
 2022-07-05 19:09:20,132 DEBUG AuthorizationMicroService.Repository.TokenRepository.GetToken [58] - MESSAGE: Returning token with user data containing Id- 1 and Location- Haldwani and Token- eyJhbGciOiJIUzI1NiIsInR5cCI6IkpXVCJ9.eyJ1bmlxdWVfbmFtZSI6IlNhdXJhYmgiLCJlbWFpbCI6InNtMTIzQGdtYWlsLmNvbSIsIm5iZiI6MTY1NzAyODM2MCwiZXhwIjoxNjU3MDI5MjYwLCJpYXQiOjE2NTcwMjgzNjAsImlzcyI6IkludmVudG9yeUF1dGhlbnRpY2F0aW9uU2VydmVyIiwiYXVkIjoiSW52ZW50b3J5U2VydmljZVBvc3RtYW5DbGllbnQifQ.gM4GRNpUZKk5hYd6pZEzux2occQJNds0dU99RP1yLdQ
 2022-07-05 19:10:07,783 DEBUG AuthorizationMicroService.Providers.TokenProvider.GetToken [28] - MESSAGE: Validate Login Details Email- sm123@gmail.com and Password- hello
 2022-07-05 19:10:07,785  INFO AuthorizationMicroService.Providers.TokenProvider.GetToken [36] - MESSAGE: login data is correct for Email- sm123@gmail.com and Password- hello
 2022-07-05 19:10:07,786 DEBUG AuthorizationMicroService.Repository.TokenRepository.GetToken [26] - MESSAGE: Token generation initiated for User- Saurabh
 2022-07-05 19:10:07,788  INFO AuthorizationMicroService.Repository.TokenRepository.GetToken [49] - MESSAGE: Token Generated Successfuly
 2022-07-05 19:10:07,789 DEBUG AuthorizationMicroService.Repository.TokenRepository.GetToken [58] - MESSAGE: Returning token with user data containing Id- 1 and Location- Haldwani and Token- eyJhbGciOiJIUzI1NiIsInR5cCI6IkpXVCJ9.eyJ1bmlxdWVfbmFtZSI6IlNhdXJhYmgiLCJlbWFpbCI6InNtMTIzQGdtYWlsLmNvbSIsIm5iZiI6MTY1NzAyODQwNywiZXhwIjoxNjU3MDI5MzA3LCJpYXQiOjE2NTcwMjg0MDcsImlzcyI6IkludmVudG9yeUF1dGhlbnRpY2F0aW9uU2VydmVyIiwiYXVkIjoiSW52ZW50b3J5U2VydmljZVBvc3RtYW5DbGllbnQifQ.trSq-SrNSV-LiEHYAjgR5E5CBfnIUdl3_Dxtnkzs0oc
 2022-07-05 19:14:11,141 DEBUG AuthorizationMicroService.Providers.TokenProvider.GetToken [28] - MESSAGE: Validate Login Details Email- sm123@gmail.com and Password- hello
 2022-07-05 19:14:11,163  INFO AuthorizationMicroService.Providers.TokenProvider.GetToken [36] - MESSAGE: login data is correct for Email- sm123@gmail.com and Password- hello
 2022-07-05 19:14:11,165 DEBUG AuthorizationMicroService.Repository.TokenRepository.GetToken [26] - MESSAGE: Token generation initiated for User- Saurabh
 2022-07-05 19:14:11,179  INFO AuthorizationMicroService.Repository.TokenRepository.GetToken [49] - MESSAGE: Token Generated Successfuly
 2022-07-05 19:14:11,181 DEBUG AuthorizationMicroService.Repository.TokenRepository.GetToken [58] - MESSAGE: Returning token with user data containing Id- 1 and Location- Haldwani and Token- eyJhbGciOiJIUzI1NiIsInR5cCI6IkpXVCJ9.eyJ1bmlxdWVfbmFtZSI6IlNhdXJhYmgiLCJlbWFpbCI6InNtMTIzQGdtYWlsLmNvbSIsIm5iZiI6MTY1NzAyODY1MSwiZXhwIjoxNjU3MDI5NTUxLCJpYXQiOjE2NTcwMjg2NTEsImlzcyI6IkludmVudG9yeUF1dGhlbnRpY2F0aW9uU2VydmVyIiwiYXVkIjoiSW52ZW50b3J5U2VydmljZVBvc3RtYW5DbGllbnQifQ.Q2FCAtcQa1wcbfb-tP9nenX1lB2BnDLF_b3ydxD2DQc
 2022-07-05 19:45:36,415 DEBUG AuthorizationMicroService.Providers.TokenProvider.GetToken [28] - MESSAGE: Validate Login Details Email- sm123@gmail.com and Password- hello
 2022-07-05 19:45:36,442  INFO AuthorizationMicroService.Providers.TokenProvider.GetToken [36] - MESSAGE: login data is correct for Email- sm123@gmail.com and Password- hello
 2022-07-05 19:45:36,444 DEBUG AuthorizationMicroService.Repository.TokenRepository.GetToken [26] - MESSAGE: Token generation initiated for User- Saurabh
 2022-07-05 19:45:36,460  INFO AuthorizationMicroService.Repository.TokenRepository.GetToken [49] - MESSAGE: Token Generated Successfuly
 2022-07-05 19:45:36,461 DEBUG AuthorizationMicroService.Repository.TokenRepository.GetToken [58] - MESSAGE: Returning token with user data containing Id- 1 and Location- Haldwani and Token- eyJhbGciOiJIUzI1NiIsInR5cCI6IkpXVCJ9.eyJ1bmlxdWVfbmFtZSI6IlNhdXJhYmgiLCJlbWFpbCI6InNtMTIzQGdtYWlsLmNvbSIsIm5iZiI6MTY1NzAzMDUzNiwiZXhwIjoxNjU3MDMxNDM2LCJpYXQiOjE2NTcwMzA1MzYsImlzcyI6IkludmVudG9yeUF1dGhlbnRpY2F0aW9uU2VydmVyIiwiYXVkIjoiSW52ZW50b3J5U2VydmljZVBvc3RtYW5DbGllbnQifQ.bD4hFRfPzVJp1lIVAalcHRWeucXu3iNAC7irP4I6XE0
 2022-07-05 21:52:37,658  INFO Microsoft.Hosting.Lifetime.LogMessage [0] - MESSAGE: Application started. Press Ctrl+C to shut down.
 2022-07-05 21:52:37,808  INFO Microsoft.Hosting.Lifetime.LogMessage [0] - MESSAGE: Application started. Press Ctrl+C to shut down.
 2022-07-05 21:52:37,812  INFO Microsoft.Hosting.Lifetime.LogMessage [0] - MESSAGE: Hosting environment: Development
 2022-07-05 21:52:37,812  INFO Microsoft.Hosting.Lifetime.LogMessage [0] - MESSAGE: Hosting environment: Development
 2022-07-05 21:52:37,816  INFO Microsoft.Hosting.Lifetime.LogMessage [0] - MESSAGE: Content root path: C:\Users\wwwde\OneDrive\Desktop\Book-My-Doctor-MOP\Authorization-MicroService
 2022-07-05 21:52:37,816  INFO Microsoft.Hosting.Lifetime.LogMessage [0] - MESSAGE: Content root path: C:\Users\wwwde\OneDrive\Desktop\Book-My-Doctor-MOP\Authorization-MicroService
 2022-07-05 21:52:47,927 DEBUG AuthorizationMicroService.Providers.TokenProvider.GetToken [28] - MESSAGE: Validate Login Details Email- sm123@gmail.com and Password- hello
 2022-07-05 21:52:47,952  INFO AuthorizationMicroService.Providers.TokenProvider.GetToken [36] - MESSAGE: login data is correct for Email- sm123@gmail.com and Password- hello
 2022-07-05 21:52:47,989 DEBUG AuthorizationMicroService.Repository.TokenRepository.GetToken [26] - MESSAGE: Token generation initiated for User- Saurabh
 2022-07-05 21:52:48,249  INFO AuthorizationMicroService.Repository.TokenRepository.GetToken [49] - MESSAGE: Token Generated Successfuly
 2022-07-05 21:52:48,250 DEBUG AuthorizationMicroService.Repository.TokenRepository.GetToken [58] - MESSAGE: Returning token with user data containing Id- 1 and Location- Haldwani and Token- eyJhbGciOiJIUzI1NiIsInR5cCI6IkpXVCJ9.eyJ1bmlxdWVfbmFtZSI6IlNhdXJhYmgiLCJlbWFpbCI6InNtMTIzQGdtYWlsLmNvbSIsIm5iZiI6MTY1NzAzODE2OCwiZXhwIjoxNjU3MDM5MDY4LCJpYXQiOjE2NTcwMzgxNjgsImlzcyI6IkludmVudG9yeUF1dGhlbnRpY2F0aW9uU2VydmVyIiwiYXVkIjoiSW52ZW50b3J5U2VydmljZVBvc3RtYW5DbGllbnQifQ.AgxUSPPt_iXvJaQ2JSUD0oe4FPKKQNjSGRqpkMI69P8
 2022-07-05 22:02:29,015 DEBUG AuthorizationMicroService.Providers.TokenProvider.GetToken [28] - MESSAGE: Validate Login Details Email- sm123@gmail.com and Password- hello
 2022-07-05 22:02:29,033  INFO AuthorizationMicroService.Providers.TokenProvider.GetToken [36] - MESSAGE: login data is correct for Email- sm123@gmail.com and Password- hello
 2022-07-05 22:02:29,034 DEBUG AuthorizationMicroService.Repository.TokenRepository.GetToken [26] - MESSAGE: Token generation initiated for User- Saurabh
 2022-07-05 22:02:29,047  INFO AuthorizationMicroService.Repository.TokenRepository.GetToken [49] - MESSAGE: Token Generated Successfuly
 2022-07-05 22:02:29,048 DEBUG AuthorizationMicroService.Repository.TokenRepository.GetToken [58] - MESSAGE: Returning token with user data containing Id- 1 and Location- Haldwani and Token- eyJhbGciOiJIUzI1NiIsInR5cCI6IkpXVCJ9.eyJ1bmlxdWVfbmFtZSI6IlNhdXJhYmgiLCJlbWFpbCI6InNtMTIzQGdtYWlsLmNvbSIsIm5iZiI6MTY1NzAzODc0OSwiZXhwIjoxNjU3MDM5NjQ5LCJpYXQiOjE2NTcwMzg3NDksImlzcyI6IkludmVudG9yeUF1dGhlbnRpY2F0aW9uU2VydmVyIiwiYXVkIjoiSW52ZW50b3J5U2VydmljZVBvc3RtYW5DbGllbnQifQ.VbSictsuI2lmp_0mV-RPBjBdfK0MfP-NvVoNzo9zFR8
 2022-07-05 22:24:49,738 DEBUG AuthorizationMicroService.Providers.TokenProvider.GetToken [28] - MESSAGE: Validate Login Details Email- sm123@gmail.com and Password- hello
 2022-07-05 22:24:49,769  INFO AuthorizationMicroService.Providers.TokenProvider.GetToken [36] - MESSAGE: login data is correct for Email- sm123@gmail.com and Password- hello
 2022-07-05 22:24:49,770 DEBUG AuthorizationMicroService.Repository.TokenRepository.GetToken [26] - MESSAGE: Token generation initiated for User- Saurabh
 2022-07-05 22:24:49,785  INFO AuthorizationMicroService.Repository.TokenRepository.GetToken [49] - MESSAGE: Token Generated Successfuly
 2022-07-05 22:24:49,786 DEBUG AuthorizationMicroService.Repository.TokenRepository.GetToken [58] - MESSAGE: Returning token with user data containing Id- 1 and Location- Haldwani and Token- eyJhbGciOiJIUzI1NiIsInR5cCI6IkpXVCJ9.eyJ1bmlxdWVfbmFtZSI6IlNhdXJhYmgiLCJlbWFpbCI6InNtMTIzQGdtYWlsLmNvbSIsIm5iZiI6MTY1NzA0MDA4OSwiZXhwIjoxNjU3MDQwOTg5LCJpYXQiOjE2NTcwNDAwODksImlzcyI6IkludmVudG9yeUF1dGhlbnRpY2F0aW9uU2VydmVyIiwiYXVkIjoiSW52ZW50b3J5U2VydmljZVBvc3RtYW5DbGllbnQifQ.7_4gFSW_SWp57XP0HiupmPtQU53eC7rLedaD7U96fPQ
 2022-07-05 22:54:11,599 DEBUG AuthorizationMicroService.Providers.TokenProvider.GetToken [28] - MESSAGE: Validate Login Details Email- sm123@gmail.com and Password- hello
 2022-07-05 22:54:11,623  INFO AuthorizationMicroService.Providers.TokenProvider.GetToken [36] - MESSAGE: login data is correct for Email- sm123@gmail.com and Password- hello
 2022-07-05 22:54:11,625 DEBUG AuthorizationMicroService.Repository.TokenRepository.GetToken [26] - MESSAGE: Token generation initiated for User- Saurabh
 2022-07-05 22:54:11,641  INFO AuthorizationMicroService.Repository.TokenRepository.GetToken [49] - MESSAGE: Token Generated Successfuly
 2022-07-05 22:54:11,642 DEBUG AuthorizationMicroService.Repository.TokenRepository.GetToken [58] - MESSAGE: Returning token with user data containing Id- 1 and Location- Haldwani and Token- eyJhbGciOiJIUzI1NiIsInR5cCI6IkpXVCJ9.eyJ1bmlxdWVfbmFtZSI6IlNhdXJhYmgiLCJlbWFpbCI6InNtMTIzQGdtYWlsLmNvbSIsIm5iZiI6MTY1NzA0MTg1MSwiZXhwIjoxNjU3MDQyNzUxLCJpYXQiOjE2NTcwNDE4NTEsImlzcyI6IkludmVudG9yeUF1dGhlbnRpY2F0aW9uU2VydmVyIiwiYXVkIjoiSW52ZW50b3J5U2VydmljZVBvc3RtYW5DbGllbnQifQ.fAlbWnkv0LbvjcHgEpUQrFxR3lyky5NM8VMR1PFFcZA
 2022-07-05 23:25:06,857 DEBUG AuthorizationMicroService.Providers.TokenProvider.GetToken [28] - MESSAGE: Validate Login Details Email- sm123@gmail.com and Password- hello
 2022-07-05 23:25:06,886  INFO AuthorizationMicroService.Providers.TokenProvider.GetToken [36] - MESSAGE: login data is correct for Email- sm123@gmail.com and Password- hello
 2022-07-05 23:25:06,887 DEBUG AuthorizationMicroService.Repository.TokenRepository.GetToken [26] - MESSAGE: Token generation initiated for User- Saurabh
 2022-07-05 23:25:06,902  INFO AuthorizationMicroService.Repository.TokenRepository.GetToken [49] - MESSAGE: Token Generated Successfuly
 2022-07-05 23:25:06,903 DEBUG AuthorizationMicroService.Repository.TokenRepository.GetToken [58] - MESSAGE: Returning token with user data containing Id- 1 and Location- Haldwani and Token- eyJhbGciOiJIUzI1NiIsInR5cCI6IkpXVCJ9.eyJ1bmlxdWVfbmFtZSI6IlNhdXJhYmgiLCJlbWFpbCI6InNtMTIzQGdtYWlsLmNvbSIsIm5iZiI6MTY1NzA0MzcwNiwiZXhwIjoxNjU3MDQ0NjA2LCJpYXQiOjE2NTcwNDM3MDYsImlzcyI6IkludmVudG9yeUF1dGhlbnRpY2F0aW9uU2VydmVyIiwiYXVkIjoiSW52ZW50b3J5U2VydmljZVBvc3RtYW5DbGllbnQifQ.a_zB6-JcAheZFZ34mQvfPEuwSk1c4Opz_GmiGMgCqpM
 2022-07-06 10:53:19,206  INFO Microsoft.Hosting.Lifetime.LogMessage [0] - MESSAGE: Application started. Press Ctrl+C to shut down.
 2022-07-06 10:53:19,477  INFO Microsoft.Hosting.Lifetime.LogMessage [0] - MESSAGE: Application started. Press Ctrl+C to shut down.
 2022-07-06 10:53:19,489  INFO Microsoft.Hosting.Lifetime.LogMessage [0] - MESSAGE: Hosting environment: Development
 2022-07-06 10:53:19,490  INFO Microsoft.Hosting.Lifetime.LogMessage [0] - MESSAGE: Hosting environment: Development
 2022-07-06 10:53:19,501  INFO Microsoft.Hosting.Lifetime.LogMessage [0] - MESSAGE: Content root path: C:\Users\wwwde\OneDrive\Desktop\Book-My-Doctor-MOP\Authorization-MicroService
 2022-07-06 10:53:19,520  INFO Microsoft.Hosting.Lifetime.LogMessage [0] - MESSAGE: Content root path: C:\Users\wwwde\OneDrive\Desktop\Book-My-Doctor-MOP\Authorization-MicroService
 2022-07-06 11:20:24,998  INFO Microsoft.Hosting.Lifetime.LogMessage [0] - MESSAGE: Application started. Press Ctrl+C to shut down.
 2022-07-06 11:20:25,162  INFO Microsoft.Hosting.Lifetime.LogMessage [0] - MESSAGE: Application started. Press Ctrl+C to shut down.
 2022-07-06 11:20:25,166  INFO Microsoft.Hosting.Lifetime.LogMessage [0] - MESSAGE: Hosting environment: Development
 2022-07-06 11:20:25,166  INFO Microsoft.Hosting.Lifetime.LogMessage [0] - MESSAGE: Hosting environment: Development
 2022-07-06 11:20:25,169  INFO Microsoft.Hosting.Lifetime.LogMessage [0] - MESSAGE: Content root path: C:\Users\wwwde\OneDrive\Desktop\Book-My-Doctor-MOP\Authorization-MicroService
 2022-07-06 11:20:25,170  INFO Microsoft.Hosting.Lifetime.LogMessage [0] - MESSAGE: Content root path: C:\Users\wwwde\OneDrive\Desktop\Book-My-Doctor-MOP\Authorization-MicroService
 2022-07-06 11:23:26,701 DEBUG AuthorizationMicroService.Providers.TokenProvider.GetToken [28] - MESSAGE: Validate Login Details Email- sm123@gmail.com and Password- hello
 2022-07-06 11:23:26,754  INFO AuthorizationMicroService.Providers.TokenProvider.GetToken [36] - MESSAGE: login data is correct for Email- sm123@gmail.com and Password- hello
 2022-07-06 11:23:26,812 DEBUG AuthorizationMicroService.Repository.TokenRepository.GetToken [26] - MESSAGE: Token generation initiated for User- Saurabh
 2022-07-06 11:23:27,117  INFO AuthorizationMicroService.Repository.TokenRepository.GetToken [49] - MESSAGE: Token Generated Successfuly
 2022-07-06 11:23:27,118 DEBUG AuthorizationMicroService.Repository.TokenRepository.GetToken [58] - MESSAGE: Returning token with user data containing Id- 1 and Location- Haldwani and Token- eyJhbGciOiJIUzI1NiIsInR5cCI6IkpXVCJ9.eyJ1bmlxdWVfbmFtZSI6IlNhdXJhYmgiLCJlbWFpbCI6InNtMTIzQGdtYWlsLmNvbSIsIm5iZiI6MTY1NzA4NjgwNiwiZXhwIjoxNjU3MDg3NzA2LCJpYXQiOjE2NTcwODY4MDYsImlzcyI6IkludmVudG9yeUF1dGhlbnRpY2F0aW9uU2VydmVyIiwiYXVkIjoiSW52ZW50b3J5U2VydmljZVBvc3RtYW5DbGllbnQifQ.woUnECnlNmWrOlCbvSopL-fc1Syafo3wYUAnKmKXJdQ
 2022-07-06 11:46:11,664 DEBUG AuthorizationMicroService.Providers.TokenProvider.GetToken [28] - MESSAGE: Validate Login Details Email- sm123@gmail.com and Password- hello
 2022-07-06 11:46:11,708  INFO AuthorizationMicroService.Providers.TokenProvider.GetToken [36] - MESSAGE: login data is correct for Email- sm123@gmail.com and Password- hello
 2022-07-06 11:46:11,711 DEBUG AuthorizationMicroService.Repository.TokenRepository.GetToken [26] - MESSAGE: Token generation initiated for User- Saurabh
 2022-07-06 11:46:11,727  INFO AuthorizationMicroService.Repository.TokenRepository.GetToken [49] - MESSAGE: Token Generated Successfuly
 2022-07-06 11:46:11,729 DEBUG AuthorizationMicroService.Repository.TokenRepository.GetToken [58] - MESSAGE: Returning token with user data containing Id- 1 and Location- Haldwani and Token- eyJhbGciOiJIUzI1NiIsInR5cCI6IkpXVCJ9.eyJ1bmlxdWVfbmFtZSI6IlNhdXJhYmgiLCJlbWFpbCI6InNtMTIzQGdtYWlsLmNvbSIsIm5iZiI6MTY1NzA4ODE3MSwiZXhwIjoxNjU3MDg5MDcxLCJpYXQiOjE2NTcwODgxNzEsImlzcyI6IkludmVudG9yeUF1dGhlbnRpY2F0aW9uU2VydmVyIiwiYXVkIjoiSW52ZW50b3J5U2VydmljZVBvc3RtYW5DbGllbnQifQ.ZXLeZA5xdxeY3tvoncaBebG2zuZ5locIhwC5ZvKu_y4
 2022-07-06 12:37:21,681 DEBUG AuthorizationMicroService.Providers.TokenProvider.GetToken [28] - MESSAGE: Validate Login Details Email- sm123@gmail.com and Password- hello
 2022-07-06 12:37:21,701  INFO AuthorizationMicroService.Providers.TokenProvider.GetToken [36] - MESSAGE: login data is correct for Email- sm123@gmail.com and Password- hello
 2022-07-06 12:37:21,701 DEBUG AuthorizationMicroService.Repository.TokenRepository.GetToken [26] - MESSAGE: Token generation initiated for User- Saurabh
 2022-07-06 12:37:21,708  INFO AuthorizationMicroService.Repository.TokenRepository.GetToken [49] - MESSAGE: Token Generated Successfuly
 2022-07-06 12:37:21,708 DEBUG AuthorizationMicroService.Repository.TokenRepository.GetToken [58] - MESSAGE: Returning token with user data containing Id- 1 and Location- Haldwani and Token- eyJhbGciOiJIUzI1NiIsInR5cCI6IkpXVCJ9.eyJ1bmlxdWVfbmFtZSI6IlNhdXJhYmgiLCJlbWFpbCI6InNtMTIzQGdtYWlsLmNvbSIsIm5iZiI6MTY1NzA5MTI0MSwiZXhwIjoxNjU3MDkyMTQxLCJpYXQiOjE2NTcwOTEyNDEsImlzcyI6IkludmVudG9yeUF1dGhlbnRpY2F0aW9uU2VydmVyIiwiYXVkIjoiSW52ZW50b3J5U2VydmljZVBvc3RtYW5DbGllbnQifQ.0NJSes4RQ8_rbWxTRtKYqDrtROlZc9AfTmBEyqPUfg0
 2022-07-06 13:17:07,439 DEBUG AuthorizationMicroService.Providers.TokenProvider.GetToken [28] - MESSAGE: Validate Login Details Email- sm123@gmail.com and Password- hello
 2022-07-06 13:17:07,465  INFO AuthorizationMicroService.Providers.TokenProvider.GetToken [36] - MESSAGE: login data is correct for Email- sm123@gmail.com and Password- hello
 2022-07-06 13:17:07,466 DEBUG AuthorizationMicroService.Repository.TokenRepository.GetToken [26] - MESSAGE: Token generation initiated for User- Saurabh
 2022-07-06 13:17:07,478  INFO AuthorizationMicroService.Repository.TokenRepository.GetToken [49] - MESSAGE: Token Generated Successfuly
 2022-07-06 13:17:07,479 DEBUG AuthorizationMicroService.Repository.TokenRepository.GetToken [58] - MESSAGE: Returning token with user data containing Id- 1 and Location- Haldwani and Token- eyJhbGciOiJIUzI1NiIsInR5cCI6IkpXVCJ9.eyJ1bmlxdWVfbmFtZSI6IlNhdXJhYmgiLCJlbWFpbCI6InNtMTIzQGdtYWlsLmNvbSIsIm5iZiI6MTY1NzA5MzYyNywiZXhwIjoxNjU3MDk0NTI3LCJpYXQiOjE2NTcwOTM2MjcsImlzcyI6IkludmVudG9yeUF1dGhlbnRpY2F0aW9uU2VydmVyIiwiYXVkIjoiSW52ZW50b3J5U2VydmljZVBvc3RtYW5DbGllbnQifQ.fY1sOqFsOs3aNDivLR0X36a_0FodTCL8nwRpi4hL8pQ
 2022-07-06 13:22:35,606 DEBUG AuthorizationMicroService.Providers.TokenProvider.GetToken [28] - MESSAGE: Validate Login Details Email- sm123@gmail.com and Password- hello
 2022-07-06 13:22:35,616  INFO AuthorizationMicroService.Providers.TokenProvider.GetToken [36] - MESSAGE: login data is correct for Email- sm123@gmail.com and Password- hello
 2022-07-06 13:22:35,617 DEBUG AuthorizationMicroService.Repository.TokenRepository.GetToken [26] - MESSAGE: Token generation initiated for User- Saurabh
 2022-07-06 13:22:35,623  INFO AuthorizationMicroService.Repository.TokenRepository.GetToken [49] - MESSAGE: Token Generated Successfuly
 2022-07-06 13:22:35,624 DEBUG AuthorizationMicroService.Repository.TokenRepository.GetToken [58] - MESSAGE: Returning token with user data containing Id- 1 and Location- Haldwani and Token- eyJhbGciOiJIUzI1NiIsInR5cCI6IkpXVCJ9.eyJ1bmlxdWVfbmFtZSI6IlNhdXJhYmgiLCJlbWFpbCI6InNtMTIzQGdtYWlsLmNvbSIsIm5iZiI6MTY1NzA5Mzk1NSwiZXhwIjoxNjU3MDk0ODU1LCJpYXQiOjE2NTcwOTM5NTUsImlzcyI6IkludmVudG9yeUF1dGhlbnRpY2F0aW9uU2VydmVyIiwiYXVkIjoiSW52ZW50b3J5U2VydmljZVBvc3RtYW5DbGllbnQifQ.oo5HSh_tAtQ9d0TJAvhKT00nsAhpy-9G3g9Kg3Hkp38
 2022-07-06 13:51:42,938 DEBUG AuthorizationMicroService.Providers.TokenProvider.GetToken [28] - MESSAGE: Validate Login Details Email- sm123@gmail.com and Password- hello
 2022-07-06 13:51:42,966  INFO AuthorizationMicroService.Providers.TokenProvider.GetToken [36] - MESSAGE: login data is correct for Email- sm123@gmail.com and Password- hello
 2022-07-06 13:51:42,968 DEBUG AuthorizationMicroService.Repository.TokenRepository.GetToken [26] - MESSAGE: Token generation initiated for User- Saurabh
 2022-07-06 13:51:42,985  INFO AuthorizationMicroService.Repository.TokenRepository.GetToken [49] - MESSAGE: Token Generated Successfuly
 2022-07-06 13:51:42,986 DEBUG AuthorizationMicroService.Repository.TokenRepository.GetToken [58] - MESSAGE: Returning token with user data containing Id- 1 and Location- Haldwani and Token- eyJhbGciOiJIUzI1NiIsInR5cCI6IkpXVCJ9.eyJ1bmlxdWVfbmFtZSI6IlNhdXJhYmgiLCJlbWFpbCI6InNtMTIzQGdtYWlsLmNvbSIsIm5iZiI6MTY1NzA5NTcwMiwiZXhwIjoxNjU3MDk2NjAyLCJpYXQiOjE2NTcwOTU3MDIsImlzcyI6IkludmVudG9yeUF1dGhlbnRpY2F0aW9uU2VydmVyIiwiYXVkIjoiSW52ZW50b3J5U2VydmljZVBvc3RtYW5DbGllbnQifQ.k4E8Ocptm3soL9pzOIalUgEyL0lP2mPhRCcH6uSzCfM
 2022-07-06 13:51:46,405 DEBUG AuthorizationMicroService.Providers.TokenProvider.GetToken [28] - MESSAGE: Validate Login Details Email- sm123@gmail.com and Password- hello
 2022-07-06 13:51:46,407  INFO AuthorizationMicroService.Providers.TokenProvider.GetToken [36] - MESSAGE: login data is correct for Email- sm123@gmail.com and Password- hello
 2022-07-06 13:51:46,408 DEBUG AuthorizationMicroService.Repository.TokenRepository.GetToken [26] - MESSAGE: Token generation initiated for User- Saurabh
 2022-07-06 13:51:46,411  INFO AuthorizationMicroService.Repository.TokenRepository.GetToken [49] - MESSAGE: Token Generated Successfuly
 2022-07-06 13:51:46,412 DEBUG AuthorizationMicroService.Repository.TokenRepository.GetToken [58] - MESSAGE: Returning token with user data containing Id- 1 and Location- Haldwani and Token- eyJhbGciOiJIUzI1NiIsInR5cCI6IkpXVCJ9.eyJ1bmlxdWVfbmFtZSI6IlNhdXJhYmgiLCJlbWFpbCI6InNtMTIzQGdtYWlsLmNvbSIsIm5iZiI6MTY1NzA5NTcwNiwiZXhwIjoxNjU3MDk2NjA2LCJpYXQiOjE2NTcwOTU3MDYsImlzcyI6IkludmVudG9yeUF1dGhlbnRpY2F0aW9uU2VydmVyIiwiYXVkIjoiSW52ZW50b3J5U2VydmljZVBvc3RtYW5DbGllbnQifQ.mXeb2dVvfRmoiW1U1vHTJyqTB7uN-wX-AbP6y6K5Xlg
 2022-07-06 13:51:58,019 DEBUG AuthorizationMicroService.Providers.TokenProvider.GetToken [28] - MESSAGE: Validate Login Details Email- sm123@gmail.com and Password- hello
 2022-07-06 13:51:58,021  INFO AuthorizationMicroService.Providers.TokenProvider.GetToken [36] - MESSAGE: login data is correct for Email- sm123@gmail.com and Password- hello
 2022-07-06 13:51:58,021 DEBUG AuthorizationMicroService.Repository.TokenRepository.GetToken [26] - MESSAGE: Token generation initiated for User- Saurabh
 2022-07-06 13:51:58,023  INFO AuthorizationMicroService.Repository.TokenRepository.GetToken [49] - MESSAGE: Token Generated Successfuly
 2022-07-06 13:51:58,024 DEBUG AuthorizationMicroService.Repository.TokenRepository.GetToken [58] - MESSAGE: Returning token with user data containing Id- 1 and Location- Haldwani and Token- eyJhbGciOiJIUzI1NiIsInR5cCI6IkpXVCJ9.eyJ1bmlxdWVfbmFtZSI6IlNhdXJhYmgiLCJlbWFpbCI6InNtMTIzQGdtYWlsLmNvbSIsIm5iZiI6MTY1NzA5NTcxOCwiZXhwIjoxNjU3MDk2NjE4LCJpYXQiOjE2NTcwOTU3MTgsImlzcyI6IkludmVudG9yeUF1dGhlbnRpY2F0aW9uU2VydmVyIiwiYXVkIjoiSW52ZW50b3J5U2VydmljZVBvc3RtYW5DbGllbnQifQ._MTxvpuu7bOjl4BMyqjUABxVeUdix3E20Yx_jF-rw-0
 2022-07-06 13:52:05,219 DEBUG AuthorizationMicroService.Providers.TokenProvider.GetToken [28] - MESSAGE: Validate Login Details Email- sm123@gmail.com and Password- hello
 2022-07-06 13:52:05,221  INFO AuthorizationMicroService.Providers.TokenProvider.GetToken [36] - MESSAGE: login data is correct for Email- sm123@gmail.com and Password- hello
 2022-07-06 13:52:05,223 DEBUG AuthorizationMicroService.Repository.TokenRepository.GetToken [26] - MESSAGE: Token generation initiated for User- Saurabh
 2022-07-06 13:52:05,226  INFO AuthorizationMicroService.Repository.TokenRepository.GetToken [49] - MESSAGE: Token Generated Successfuly
 2022-07-06 13:52:05,227 DEBUG AuthorizationMicroService.Repository.TokenRepository.GetToken [58] - MESSAGE: Returning token with user data containing Id- 1 and Location- Haldwani and Token- eyJhbGciOiJIUzI1NiIsInR5cCI6IkpXVCJ9.eyJ1bmlxdWVfbmFtZSI6IlNhdXJhYmgiLCJlbWFpbCI6InNtMTIzQGdtYWlsLmNvbSIsIm5iZiI6MTY1NzA5NTcyNSwiZXhwIjoxNjU3MDk2NjI1LCJpYXQiOjE2NTcwOTU3MjUsImlzcyI6IkludmVudG9yeUF1dGhlbnRpY2F0aW9uU2VydmVyIiwiYXVkIjoiSW52ZW50b3J5U2VydmljZVBvc3RtYW5DbGllbnQifQ.CpqISpXJxRIDbsWPqoaZdnX_HjrKqB1_zhdefnoWo6g
 2022-07-06 13:53:36,230 DEBUG AuthorizationMicroService.Providers.TokenProvider.GetToken [28] - MESSAGE: Validate Login Details Email- sm123@gmail.com and Password- hello
 2022-07-06 13:53:36,231  INFO AuthorizationMicroService.Providers.TokenProvider.GetToken [36] - MESSAGE: login data is correct for Email- sm123@gmail.com and Password- hello
 2022-07-06 13:53:36,232 DEBUG AuthorizationMicroService.Repository.TokenRepository.GetToken [26] - MESSAGE: Token generation initiated for User- Saurabh
 2022-07-06 13:53:36,236  INFO AuthorizationMicroService.Repository.TokenRepository.GetToken [49] - MESSAGE: Token Generated Successfuly
 2022-07-06 13:53:36,238 DEBUG AuthorizationMicroService.Repository.TokenRepository.GetToken [58] - MESSAGE: Returning token with user data containing Id- 1 and Location- Haldwani and Token- eyJhbGciOiJIUzI1NiIsInR5cCI6IkpXVCJ9.eyJ1bmlxdWVfbmFtZSI6IlNhdXJhYmgiLCJlbWFpbCI6InNtMTIzQGdtYWlsLmNvbSIsIm5iZiI6MTY1NzA5NTgxNiwiZXhwIjoxNjU3MDk2NzE2LCJpYXQiOjE2NTcwOTU4MTYsImlzcyI6IkludmVudG9yeUF1dGhlbnRpY2F0aW9uU2VydmVyIiwiYXVkIjoiSW52ZW50b3J5U2VydmljZVBvc3RtYW5DbGllbnQifQ.HrPkM9N8F2MA3VCnTzJlgBUaC1ymMB_5A_pNIHHnVzU
 2022-07-06 15:36:30,936  INFO Microsoft.Hosting.Lifetime.LogMessage [0] - MESSAGE: Application started. Press Ctrl+C to shut down.
 2022-07-06 15:36:31,315  INFO Microsoft.Hosting.Lifetime.LogMessage [0] - MESSAGE: Application started. Press Ctrl+C to shut down.
 2022-07-06 15:36:31,333  INFO Microsoft.Hosting.Lifetime.LogMessage [0] - MESSAGE: Hosting environment: Development
 2022-07-06 15:36:31,334  INFO Microsoft.Hosting.Lifetime.LogMessage [0] - MESSAGE: Hosting environment: Development
 2022-07-06 15:36:31,337  INFO Microsoft.Hosting.Lifetime.LogMessage [0] - MESSAGE: Content root path: C:\Users\wwwde\OneDrive\Desktop\Book-My-Doctor-MOP\Authorization-MicroService
 2022-07-06 15:36:31,337  INFO Microsoft.Hosting.Lifetime.LogMessage [0] - MESSAGE: Content root path: C:\Users\wwwde\OneDrive\Desktop\Book-My-Doctor-MOP\Authorization-MicroService
 2022-07-06 15:40:09,004 DEBUG AuthorizationMicroService.Providers.TokenProvider.GetToken [28] - MESSAGE: Validate Login Details Email- sm123@gmail.com and Password- hello
 2022-07-06 15:40:09,065  INFO AuthorizationMicroService.Providers.TokenProvider.GetToken [36] - MESSAGE: login data is correct for Email- sm123@gmail.com and Password- hello
 2022-07-06 15:40:09,168 DEBUG AuthorizationMicroService.Repository.TokenRepository.GetToken [26] - MESSAGE: Token generation initiated for User- Saurabh
 2022-07-06 15:40:09,460  INFO AuthorizationMicroService.Repository.TokenRepository.GetToken [49] - MESSAGE: Token Generated Successfuly
 2022-07-06 15:40:09,463 DEBUG AuthorizationMicroService.Repository.TokenRepository.GetToken [58] - MESSAGE: Returning token with user data containing Id- 1 and Location- Haldwani and Token- eyJhbGciOiJIUzI1NiIsInR5cCI6IkpXVCJ9.eyJ1bmlxdWVfbmFtZSI6IlNhdXJhYmgiLCJlbWFpbCI6InNtMTIzQGdtYWlsLmNvbSIsIm5iZiI6MTY1NzEwMjIwOSwiZXhwIjoxNjU3MTAzMTA5LCJpYXQiOjE2NTcxMDIyMDksImlzcyI6IkludmVudG9yeUF1dGhlbnRpY2F0aW9uU2VydmVyIiwiYXVkIjoiSW52ZW50b3J5U2VydmljZVBvc3RtYW5DbGllbnQifQ.0HFBWf7JVo3-dwwohl-bMyg5aO4e6lIIzNiI_Xtmj7s
 2022-07-06 16:00:48,456 DEBUG AuthorizationMicroService.Providers.TokenProvider.GetToken [28] - MESSAGE: Validate Login Details Email- sm123@gmail.com and Password- hello
 2022-07-06 16:00:48,466  INFO AuthorizationMicroService.Providers.TokenProvider.GetToken [36] - MESSAGE: login data is correct for Email- sm123@gmail.com and Password- hello
 2022-07-06 16:00:48,466 DEBUG AuthorizationMicroService.Repository.TokenRepository.GetToken [26] - MESSAGE: Token generation initiated for User- Saurabh
 2022-07-06 16:00:48,472  INFO AuthorizationMicroService.Repository.TokenRepository.GetToken [49] - MESSAGE: Token Generated Successfuly
 2022-07-06 16:00:48,473 DEBUG AuthorizationMicroService.Repository.TokenRepository.GetToken [58] - MESSAGE: Returning token with user data containing Id- 1 and Location- Haldwani and Token- eyJhbGciOiJIUzI1NiIsInR5cCI6IkpXVCJ9.eyJ1bmlxdWVfbmFtZSI6IlNhdXJhYmgiLCJlbWFpbCI6InNtMTIzQGdtYWlsLmNvbSIsIm5iZiI6MTY1NzEwMzQ0OCwiZXhwIjoxNjU3MTA0MzQ4LCJpYXQiOjE2NTcxMDM0NDgsImlzcyI6IkludmVudG9yeUF1dGhlbnRpY2F0aW9uU2VydmVyIiwiYXVkIjoiSW52ZW50b3J5U2VydmljZVBvc3RtYW5DbGllbnQifQ.WHCbfEvR9ZdgJh0smliXrcL1zTCokd3GXAuaE2wFJcw
 2022-07-06 16:22:50,224 DEBUG AuthorizationMicroService.Providers.TokenProvider.GetToken [28] - MESSAGE: Validate Login Details Email- sm123@gmail.com and Password- hello
 2022-07-06 16:22:50,266  INFO AuthorizationMicroService.Providers.TokenProvider.GetToken [36] - MESSAGE: login data is correct for Email- sm123@gmail.com and Password- hello
 2022-07-06 16:22:50,267 DEBUG AuthorizationMicroService.Repository.TokenRepository.GetToken [26] - MESSAGE: Token generation initiated for User- Saurabh
 2022-07-06 16:22:50,287  INFO AuthorizationMicroService.Repository.TokenRepository.GetToken [49] - MESSAGE: Token Generated Successfuly
 2022-07-06 16:22:50,288 DEBUG AuthorizationMicroService.Repository.TokenRepository.GetToken [58] - MESSAGE: Returning token with user data containing Id- 1 and Location- Haldwani and Token- eyJhbGciOiJIUzI1NiIsInR5cCI6IkpXVCJ9.eyJ1bmlxdWVfbmFtZSI6IlNhdXJhYmgiLCJlbWFpbCI6InNtMTIzQGdtYWlsLmNvbSIsIm5iZiI6MTY1NzEwNDc3MCwiZXhwIjoxNjU3MTA1NjcwLCJpYXQiOjE2NTcxMDQ3NzAsImlzcyI6IkludmVudG9yeUF1dGhlbnRpY2F0aW9uU2VydmVyIiwiYXVkIjoiSW52ZW50b3J5U2VydmljZVBvc3RtYW5DbGllbnQifQ.1Sr7wuqMZKYP0-Bhk_DpANvPraBkHb1nWaZVUdcBE0s
 2022-07-06 17:30:44,306  INFO Microsoft.Hosting.Lifetime.LogMessage [0] - MESSAGE: Application started. Press Ctrl+C to shut down.
 2022-07-06 17:30:44,724  INFO Microsoft.Hosting.Lifetime.LogMessage [0] - MESSAGE: Application started. Press Ctrl+C to shut down.
 2022-07-06 17:30:44,732  INFO Microsoft.Hosting.Lifetime.LogMessage [0] - MESSAGE: Hosting environment: Development
 2022-07-06 17:30:44,733  INFO Microsoft.Hosting.Lifetime.LogMessage [0] - MESSAGE: Hosting environment: Development
 2022-07-06 17:30:44,738  INFO Microsoft.Hosting.Lifetime.LogMessage [0] - MESSAGE: Content root path: C:\Users\wwwde\OneDrive\Desktop\Book-My-Doctor-MOP\Authorization-MicroService
 2022-07-06 17:30:44,739  INFO Microsoft.Hosting.Lifetime.LogMessage [0] - MESSAGE: Content root path: C:\Users\wwwde\OneDrive\Desktop\Book-My-Doctor-MOP\Authorization-MicroService
 2022-07-06 17:35:09,594 DEBUG AuthorizationMicroService.Providers.TokenProvider.GetToken [28] - MESSAGE: Validate Login Details Email- sm123@gmail.com and Password- hello
 2022-07-06 17:35:09,632  INFO AuthorizationMicroService.Providers.TokenProvider.GetToken [36] - MESSAGE: login data is correct for Email- sm123@gmail.com and Password- hello
 2022-07-06 17:35:09,703 DEBUG AuthorizationMicroService.Repository.TokenRepository.GetToken [26] - MESSAGE: Token generation initiated for User- Saurabh
 2022-07-06 17:35:09,967  INFO AuthorizationMicroService.Repository.TokenRepository.GetToken [49] - MESSAGE: Token Generated Successfuly
 2022-07-06 17:35:09,969 DEBUG AuthorizationMicroService.Repository.TokenRepository.GetToken [58] - MESSAGE: Returning token with user data containing Id- 1 and Location- Haldwani and Token- eyJhbGciOiJIUzI1NiIsInR5cCI6IkpXVCJ9.eyJ1bmlxdWVfbmFtZSI6IlNhdXJhYmgiLCJlbWFpbCI6InNtMTIzQGdtYWlsLmNvbSIsIm5iZiI6MTY1NzEwOTEwOSwiZXhwIjoxNjU3MTEwMDA5LCJpYXQiOjE2NTcxMDkxMDksImlzcyI6IkludmVudG9yeUF1dGhlbnRpY2F0aW9uU2VydmVyIiwiYXVkIjoiSW52ZW50b3J5U2VydmljZVBvc3RtYW5DbGllbnQifQ.VXOVuzcolS4DDcZoFIDRgT9wTStuI4iGdBk68Qz3Oks
 